mode: atomic
github.com/airbusgeo/geocube/internal/svc/persister.go:16.105,17.16 1 6
github.com/airbusgeo/geocube/internal/svc/persister.go:21.2,23.33 3 3
github.com/airbusgeo/geocube/internal/svc/persister.go:128.2,128.43 1 3
github.com/airbusgeo/geocube/internal/svc/persister.go:135.2,135.50 1 3
github.com/airbusgeo/geocube/internal/svc/persister.go:139.2,139.39 1 3
github.com/airbusgeo/geocube/internal/svc/persister.go:146.2,146.22 1 3
github.com/airbusgeo/geocube/internal/svc/persister.go:151.2,151.12 1 3
github.com/airbusgeo/geocube/internal/svc/persister.go:17.16,18.72 1 3
github.com/airbusgeo/geocube/internal/svc/persister.go:18.72,18.109 1 3
github.com/airbusgeo/geocube/internal/svc/persister.go:23.33,24.24 1 6
github.com/airbusgeo/geocube/internal/svc/persister.go:24.24,26.4 1 0
github.com/airbusgeo/geocube/internal/svc/persister.go:26.9,26.26 1 6
github.com/airbusgeo/geocube/internal/svc/persister.go:26.26,28.4 1 0
github.com/airbusgeo/geocube/internal/svc/persister.go:28.9,28.28 1 6
github.com/airbusgeo/geocube/internal/svc/persister.go:28.28,30.4 1 2
github.com/airbusgeo/geocube/internal/svc/persister.go:34.2,35.37 1 3
github.com/airbusgeo/geocube/internal/svc/persister.go:43.3,43.42 1 3
github.com/airbusgeo/geocube/internal/svc/persister.go:49.3,49.51 1 3
github.com/airbusgeo/geocube/internal/svc/persister.go:62.3,62.23 1 3
github.com/airbusgeo/geocube/internal/svc/persister.go:35.37,36.42 1 9
github.com/airbusgeo/geocube/internal/svc/persister.go:36.42,37.63 1 0
github.com/airbusgeo/geocube/internal/svc/persister.go:37.63,39.6 1 0
github.com/airbusgeo/geocube/internal/svc/persister.go:43.42,44.54 1 0
github.com/airbusgeo/geocube/internal/svc/persister.go:44.54,46.5 1 0
github.com/airbusgeo/geocube/internal/svc/persister.go:49.51,50.20 1 0
github.com/airbusgeo/geocube/internal/svc/persister.go:51.38,52.84 1 0
github.com/airbusgeo/geocube/internal/svc/persister.go:55.33,55.33 0 0
github.com/airbusgeo/geocube/internal/svc/persister.go:57.34,57.34 0 0
github.com/airbusgeo/geocube/internal/svc/persister.go:52.84,54.6 1 0
github.com/airbusgeo/geocube/internal/svc/persister.go:62.23,63.53 1 0
github.com/airbusgeo/geocube/internal/svc/persister.go:63.53,65.5 1 0
github.com/airbusgeo/geocube/internal/svc/persister.go:70.2,71.18 1 3
github.com/airbusgeo/geocube/internal/svc/persister.go:77.3,77.46 1 3
github.com/airbusgeo/geocube/internal/svc/persister.go:90.3,90.40 1 3
github.com/airbusgeo/geocube/internal/svc/persister.go:98.3,98.29 1 3
github.com/airbusgeo/geocube/internal/svc/persister.go:71.18,72.50 1 0
github.com/airbusgeo/geocube/internal/svc/persister.go:72.50,74.5 1 0
github.com/airbusgeo/geocube/internal/svc/persister.go:77.46,78.20 1 0
github.com/airbusgeo/geocube/internal/svc/persister.go:79.38,80.128 1 0
github.com/airbusgeo/geocube/internal/svc/persister.go:83.33,83.33 0 0
github.com/airbusgeo/geocube/internal/svc/persister.go:85.34,85.34 0 0
github.com/airbusgeo/geocube/internal/svc/persister.go:80.128,82.6 1 0
github.com/airbusgeo/geocube/internal/svc/persister.go:90.40,91.32 1 9
github.com/airbusgeo/geocube/internal/svc/persister.go:91.32,92.72 1 0
github.com/airbusgeo/geocube/internal/svc/persister.go:92.72,94.6 1 0
github.com/airbusgeo/geocube/internal/svc/persister.go:98.29,99.70 1 0
github.com/airbusgeo/geocube/internal/svc/persister.go:99.70,101.5 1 0
github.com/airbusgeo/geocube/internal/svc/persister.go:106.2,107.38 1 3
github.com/airbusgeo/geocube/internal/svc/persister.go:113.3,113.48 1 3
github.com/airbusgeo/geocube/internal/svc/persister.go:117.3,117.20 1 3
github.com/airbusgeo/geocube/internal/svc/persister.go:107.38,108.52 1 2
github.com/airbusgeo/geocube/internal/svc/persister.go:108.52,110.5 1 0
github.com/airbusgeo/geocube/internal/svc/persister.go:113.48,114.35 1 0
github.com/airbusgeo/geocube/internal/svc/persister.go:117.20,118.50 1 3
github.com/airbusgeo/geocube/internal/svc/persister.go:118.50,119.53 1 0
github.com/airbusgeo/geocube/internal/svc/persister.go:122.5,122.41 1 0
github.com/airbusgeo/geocube/internal/svc/persister.go:119.53,121.6 1 0
github.com/airbusgeo/geocube/internal/svc/persister.go:128.43,129.32 1 6
github.com/airbusgeo/geocube/internal/svc/persister.go:129.32,133.4 3 0
github.com/airbusgeo/geocube/internal/svc/persister.go:135.50,138.3 2 0
github.com/airbusgeo/geocube/internal/svc/persister.go:139.39,140.21 1 9
github.com/airbusgeo/geocube/internal/svc/persister.go:140.21,143.4 2 0
github.com/airbusgeo/geocube/internal/svc/persister.go:146.22,148.3 1 0
github.com/airbusgeo/geocube/internal/svc/persister.go:148.8,150.3 1 3
github.com/airbusgeo/geocube/internal/svc/persister.go:157.123,158.16 1 0
github.com/airbusgeo/geocube/internal/svc/persister.go:161.2,163.45 3 0
github.com/airbusgeo/geocube/internal/svc/persister.go:171.2,171.23 1 0
github.com/airbusgeo/geocube/internal/svc/persister.go:177.2,177.33 1 0
github.com/airbusgeo/geocube/internal/svc/persister.go:183.2,183.26 1 0
github.com/airbusgeo/geocube/internal/svc/persister.go:189.2,189.25 1 0
github.com/airbusgeo/geocube/internal/svc/persister.go:195.2,195.28 1 0
github.com/airbusgeo/geocube/internal/svc/persister.go:205.2,205.52 1 0
github.com/airbusgeo/geocube/internal/svc/persister.go:213.2,213.28 1 0
github.com/airbusgeo/geocube/internal/svc/persister.go:219.2,219.12 1 0
github.com/airbusgeo/geocube/internal/svc/persister.go:158.16,159.72 1 0
github.com/airbusgeo/geocube/internal/svc/persister.go:159.72,159.121 1 0
github.com/airbusgeo/geocube/internal/svc/persister.go:163.45,164.27 1 0
github.com/airbusgeo/geocube/internal/svc/persister.go:164.27,166.4 1 0
github.com/airbusgeo/geocube/internal/svc/persister.go:166.9,166.29 1 0
github.com/airbusgeo/geocube/internal/svc/persister.go:166.29,168.4 1 0
github.com/airbusgeo/geocube/internal/svc/persister.go:171.23,172.61 1 0
github.com/airbusgeo/geocube/internal/svc/persister.go:172.61,174.4 1 0
github.com/airbusgeo/geocube/internal/svc/persister.go:177.33,178.69 1 0
github.com/airbusgeo/geocube/internal/svc/persister.go:178.69,180.4 1 0
github.com/airbusgeo/geocube/internal/svc/persister.go:183.26,184.62 1 0
github.com/airbusgeo/geocube/internal/svc/persister.go:184.62,186.4 1 0
github.com/airbusgeo/geocube/internal/svc/persister.go:189.25,190.61 1 0
github.com/airbusgeo/geocube/internal/svc/persister.go:190.61,192.4 1 0
github.com/airbusgeo/geocube/internal/svc/persister.go:195.28,196.24 1 0
github.com/airbusgeo/geocube/internal/svc/persister.go:199.3,199.65 1 0
github.com/airbusgeo/geocube/internal/svc/persister.go:196.24,198.4 1 0
github.com/airbusgeo/geocube/internal/svc/persister.go:199.65,201.4 1 0
github.com/airbusgeo/geocube/internal/svc/persister.go:205.52,207.21 2 0
github.com/airbusgeo/geocube/internal/svc/persister.go:207.21,211.4 3 0
github.com/airbusgeo/geocube/internal/svc/persister.go:213.28,215.3 1 0
github.com/airbusgeo/geocube/internal/svc/persister.go:215.8,217.3 1 0
github.com/airbusgeo/geocube/internal/svc/persister.go:225.120,226.16 1 0
github.com/airbusgeo/geocube/internal/svc/persister.go:229.2,230.46 2 0
github.com/airbusgeo/geocube/internal/svc/persister.go:261.2,261.24 1 0
github.com/airbusgeo/geocube/internal/svc/persister.go:267.2,267.22 1 0
github.com/airbusgeo/geocube/internal/svc/persister.go:273.2,273.84 1 0
github.com/airbusgeo/geocube/internal/svc/persister.go:279.2,279.45 1 0
github.com/airbusgeo/geocube/internal/svc/persister.go:285.2,285.45 1 0
github.com/airbusgeo/geocube/internal/svc/persister.go:292.2,292.45 1 0
github.com/airbusgeo/geocube/internal/svc/persister.go:296.2,296.47 1 0
github.com/airbusgeo/geocube/internal/svc/persister.go:301.2,301.27 1 0
github.com/airbusgeo/geocube/internal/svc/persister.go:307.2,307.12 1 0
github.com/airbusgeo/geocube/internal/svc/persister.go:226.16,227.72 1 0
github.com/airbusgeo/geocube/internal/svc/persister.go:227.72,227.119 1 0
github.com/airbusgeo/geocube/internal/svc/persister.go:230.46,231.28 1 0
github.com/airbusgeo/geocube/internal/svc/persister.go:231.28,233.4 1 0
github.com/airbusgeo/geocube/internal/svc/persister.go:233.9,233.32 1 0
github.com/airbusgeo/geocube/internal/svc/persister.go:233.32,235.4 1 0
github.com/airbusgeo/geocube/internal/svc/persister.go:235.9,235.30 1 0
github.com/airbusgeo/geocube/internal/svc/persister.go:235.30,237.4 1 0
github.com/airbusgeo/geocube/internal/svc/persister.go:241.2,242.46 1 0
github.com/airbusgeo/geocube/internal/svc/persister.go:248.3,248.48 1 0
github.com/airbusgeo/geocube/internal/svc/persister.go:254.3,254.28 1 0
github.com/airbusgeo/geocube/internal/svc/persister.go:242.46,243.63 1 0
github.com/airbusgeo/geocube/internal/svc/persister.go:243.63,245.5 1 0
github.com/airbusgeo/geocube/internal/svc/persister.go:248.48,249.74 1 0
github.com/airbusgeo/geocube/internal/svc/persister.go:249.74,251.5 1 0
github.com/airbusgeo/geocube/internal/svc/persister.go:254.28,255.63 1 0
github.com/airbusgeo/geocube/internal/svc/persister.go:255.63,257.5 1 0
github.com/airbusgeo/geocube/internal/svc/persister.go:261.24,262.59 1 0
github.com/airbusgeo/geocube/internal/svc/persister.go:262.59,264.4 1 0
github.com/airbusgeo/geocube/internal/svc/persister.go:267.22,268.59 1 0
github.com/airbusgeo/geocube/internal/svc/persister.go:268.59,270.4 1 0
github.com/airbusgeo/geocube/internal/svc/persister.go:273.84,274.103 1 0
github.com/airbusgeo/geocube/internal/svc/persister.go:274.103,276.4 1 0
github.com/airbusgeo/geocube/internal/svc/persister.go:279.45,280.59 1 0
github.com/airbusgeo/geocube/internal/svc/persister.go:280.59,282.4 1 0
github.com/airbusgeo/geocube/internal/svc/persister.go:285.45,286.72 1 0
github.com/airbusgeo/geocube/internal/svc/persister.go:286.72,288.4 1 0
github.com/airbusgeo/geocube/internal/svc/persister.go:292.45,295.3 2 0
github.com/airbusgeo/geocube/internal/svc/persister.go:296.47,299.3 2 0
github.com/airbusgeo/geocube/internal/svc/persister.go:301.27,303.3 1 0
github.com/airbusgeo/geocube/internal/svc/persister.go:303.8,305.3 1 0
github.com/airbusgeo/geocube/internal/svc/persister.go:313.153,316.16 2 0
github.com/airbusgeo/geocube/internal/svc/persister.go:326.2,326.35 1 0
github.com/airbusgeo/geocube/internal/svc/persister.go:332.2,332.12 1 0
github.com/airbusgeo/geocube/internal/svc/persister.go:316.16,317.52 1 0
github.com/airbusgeo/geocube/internal/svc/persister.go:317.52,319.4 1 0
github.com/airbusgeo/geocube/internal/svc/persister.go:320.8,323.3 2 0
github.com/airbusgeo/geocube/internal/svc/persister.go:326.35,327.54 1 0
github.com/airbusgeo/geocube/internal/svc/persister.go:327.54,329.4 1 0
github.com/airbusgeo/geocube/internal/svc/persister.go:338.119,339.28 1 0
github.com/airbusgeo/geocube/internal/svc/persister.go:344.2,345.44 2 0
github.com/airbusgeo/geocube/internal/svc/persister.go:372.2,372.20 1 0
github.com/airbusgeo/geocube/internal/svc/persister.go:339.28,341.3 1 0
github.com/airbusgeo/geocube/internal/svc/persister.go:345.44,346.75 1 0
github.com/airbusgeo/geocube/internal/svc/persister.go:346.75,351.45 3 0
github.com/airbusgeo/geocube/internal/svc/persister.go:356.4,356.15 1 0
github.com/airbusgeo/geocube/internal/svc/persister.go:367.4,367.49 1 0
github.com/airbusgeo/geocube/internal/svc/persister.go:351.45,353.5 1 0
github.com/airbusgeo/geocube/internal/svc/persister.go:356.15,358.19 2 0
github.com/airbusgeo/geocube/internal/svc/persister.go:361.5,361.52 1 0
github.com/airbusgeo/geocube/internal/svc/persister.go:358.19,360.6 1 0
github.com/airbusgeo/geocube/internal/svc/persister.go:361.52,363.6 1 0
github.com/airbusgeo/geocube/internal/svc/persister.go:368.18,370.4 1 0
github.com/airbusgeo/geocube/internal/svc/service.go:36.236,39.25 2 2
github.com/airbusgeo/geocube/internal/svc/service.go:42.2,42.242 1 2
github.com/airbusgeo/geocube/internal/svc/service.go:39.25,41.3 1 0
github.com/airbusgeo/geocube/internal/svc/service.go:46.76,47.71 1 0
github.com/airbusgeo/geocube/internal/svc/service.go:47.71,49.3 1 0
github.com/airbusgeo/geocube/internal/svc/service.go:53.85,55.2 1 0
github.com/airbusgeo/geocube/internal/svc/service.go:58.89,59.71 1 0
github.com/airbusgeo/geocube/internal/svc/service.go:59.71,61.3 1 0
github.com/airbusgeo/geocube/internal/svc/service.go:65.85,67.77 2 0
github.com/airbusgeo/geocube/internal/svc/service.go:71.2,71.16 1 0
github.com/airbusgeo/geocube/internal/svc/service.go:67.77,70.3 2 0
github.com/airbusgeo/geocube/internal/svc/service.go:75.194,77.2 1 0
github.com/airbusgeo/geocube/internal/svc/service.go:80.109,82.77 2 0
github.com/airbusgeo/geocube/internal/svc/service.go:87.2,87.16 1 0
github.com/airbusgeo/geocube/internal/svc/service.go:82.77,85.3 2 0
github.com/airbusgeo/geocube/internal/svc/service.go:91.107,93.77 2 0
github.com/airbusgeo/geocube/internal/svc/service.go:98.2,98.16 1 0
github.com/airbusgeo/geocube/internal/svc/service.go:93.77,96.3 2 0
github.com/airbusgeo/geocube/internal/svc/service.go:102.91,103.23 1 0
github.com/airbusgeo/geocube/internal/svc/service.go:106.2,106.45 1 0
github.com/airbusgeo/geocube/internal/svc/service.go:103.23,105.3 1 0
github.com/airbusgeo/geocube/internal/svc/service.go:110.156,111.71 1 0
github.com/airbusgeo/geocube/internal/svc/service.go:111.71,113.17 2 0
github.com/airbusgeo/geocube/internal/svc/service.go:116.3,117.86 2 0
github.com/airbusgeo/geocube/internal/svc/service.go:120.3,120.46 1 0
github.com/airbusgeo/geocube/internal/svc/service.go:113.17,115.4 1 0
github.com/airbusgeo/geocube/internal/svc/service.go:117.86,119.4 1 0
github.com/airbusgeo/geocube/internal/svc/service.go:126.126,130.22 3 0
github.com/airbusgeo/geocube/internal/svc/service.go:139.2,139.16 1 0
github.com/airbusgeo/geocube/internal/svc/service.go:143.2,144.15 2 0
github.com/airbusgeo/geocube/internal/svc/service.go:130.22,132.3 1 0
github.com/airbusgeo/geocube/internal/svc/service.go:132.8,132.29 1 0
github.com/airbusgeo/geocube/internal/svc/service.go:132.29,134.3 1 0
github.com/airbusgeo/geocube/internal/svc/service.go:134.8,134.31 1 0
github.com/airbusgeo/geocube/internal/svc/service.go:134.31,136.3 1 0
github.com/airbusgeo/geocube/internal/svc/service.go:136.8,138.3 1 0
github.com/airbusgeo/geocube/internal/svc/service.go:139.16,141.3 1 0
github.com/airbusgeo/geocube/internal/svc/service.go:148.123,149.71 1 0
github.com/airbusgeo/geocube/internal/svc/service.go:149.71,151.17 2 0
github.com/airbusgeo/geocube/internal/svc/service.go:154.3,155.56 2 0
github.com/airbusgeo/geocube/internal/svc/service.go:158.3,158.46 1 0
github.com/airbusgeo/geocube/internal/svc/service.go:151.17,153.4 1 0
github.com/airbusgeo/geocube/internal/svc/service.go:155.56,157.4 1 0
github.com/airbusgeo/geocube/internal/svc/service.go:163.119,165.2 1 0
github.com/airbusgeo/geocube/internal/svc/service.go:168.74,169.71 1 0
github.com/airbusgeo/geocube/internal/svc/service.go:169.71,171.17 2 0
github.com/airbusgeo/geocube/internal/svc/service.go:174.3,175.46 2 0
github.com/airbusgeo/geocube/internal/svc/service.go:171.17,173.4 1 0
github.com/airbusgeo/geocube/internal/svc/service.go:180.145,181.71 1 0
github.com/airbusgeo/geocube/internal/svc/service.go:181.71,183.17 2 0
github.com/airbusgeo/geocube/internal/svc/service.go:186.3,187.88 2 0
github.com/airbusgeo/geocube/internal/svc/service.go:190.3,190.46 1 0
github.com/airbusgeo/geocube/internal/svc/service.go:183.17,185.4 1 0
github.com/airbusgeo/geocube/internal/svc/service.go:187.88,189.4 1 0
github.com/airbusgeo/geocube/internal/svc/service.go:195.74,196.71 1 0
github.com/airbusgeo/geocube/internal/svc/service.go:196.71,198.17 2 0
github.com/airbusgeo/geocube/internal/svc/service.go:201.3,202.46 2 0
github.com/airbusgeo/geocube/internal/svc/service.go:198.17,200.4 1 0
github.com/airbusgeo/geocube/internal/svc/service.go:207.110,208.71 1 0
github.com/airbusgeo/geocube/internal/svc/service.go:208.71,210.75 2 0
github.com/airbusgeo/geocube/internal/svc/service.go:213.3,213.13 1 0
github.com/airbusgeo/geocube/internal/svc/service.go:210.75,212.4 1 0
github.com/airbusgeo/geocube/internal/svc/service.go:218.102,220.16 2 0
github.com/airbusgeo/geocube/internal/svc/service.go:224.2,225.54 2 0
github.com/airbusgeo/geocube/internal/svc/service.go:239.2,239.61 1 0
github.com/airbusgeo/geocube/internal/svc/service.go:245.2,245.12 1 0
github.com/airbusgeo/geocube/internal/svc/service.go:220.16,222.3 1 0
github.com/airbusgeo/geocube/internal/svc/service.go:225.54,227.17 2 0
github.com/airbusgeo/geocube/internal/svc/service.go:232.3,233.17 2 0
github.com/airbusgeo/geocube/internal/svc/service.go:227.17,229.4 1 0
github.com/airbusgeo/geocube/internal/svc/service.go:233.17,235.4 1 0
github.com/airbusgeo/geocube/internal/svc/service.go:239.61,241.3 1 0
github.com/airbusgeo/geocube/internal/svc/service.go:241.8,241.51 1 0
github.com/airbusgeo/geocube/internal/svc/service.go:241.51,243.3 1 0
github.com/airbusgeo/geocube/internal/svc/service.go:249.102,251.16 2 0
github.com/airbusgeo/geocube/internal/svc/service.go:254.2,258.34 3 0
github.com/airbusgeo/geocube/internal/svc/service.go:265.2,266.16 2 0
github.com/airbusgeo/geocube/internal/svc/service.go:269.2,271.76 3 0
github.com/airbusgeo/geocube/internal/svc/service.go:276.2,278.34 3 0
github.com/airbusgeo/geocube/internal/svc/service.go:286.2,287.37 2 0
github.com/airbusgeo/geocube/internal/svc/service.go:290.2,290.95 1 0
github.com/airbusgeo/geocube/internal/svc/service.go:293.2,293.51 1 0
github.com/airbusgeo/geocube/internal/svc/service.go:298.2,299.34 2 0
github.com/airbusgeo/geocube/internal/svc/service.go:305.2,307.12 2 0
github.com/airbusgeo/geocube/internal/svc/service.go:251.16,253.3 1 0
github.com/airbusgeo/geocube/internal/svc/service.go:258.34,259.28 1 0
github.com/airbusgeo/geocube/internal/svc/service.go:259.28,261.4 1 0
github.com/airbusgeo/geocube/internal/svc/service.go:266.16,268.3 1 0
github.com/airbusgeo/geocube/internal/svc/service.go:271.76,273.3 1 0
github.com/airbusgeo/geocube/internal/svc/service.go:278.34,280.33 2 0
github.com/airbusgeo/geocube/internal/svc/service.go:280.33,282.4 1 0
github.com/airbusgeo/geocube/internal/svc/service.go:282.9,282.43 1 0
github.com/airbusgeo/geocube/internal/svc/service.go:282.43,284.4 1 0
github.com/airbusgeo/geocube/internal/svc/service.go:287.37,289.3 1 0
github.com/airbusgeo/geocube/internal/svc/service.go:290.95,292.3 1 0
github.com/airbusgeo/geocube/internal/svc/service.go:293.51,295.3 1 0
github.com/airbusgeo/geocube/internal/svc/service.go:299.34,300.44 1 0
github.com/airbusgeo/geocube/internal/svc/service.go:300.44,302.9 2 0
github.com/airbusgeo/geocube/internal/svc/service.go:312.132,316.70 2 0
github.com/airbusgeo/geocube/internal/svc/service.go:321.2,322.35 2 0
github.com/airbusgeo/geocube/internal/svc/service.go:339.2,339.71 1 0
github.com/airbusgeo/geocube/internal/svc/service.go:316.70,318.3 1 0
github.com/airbusgeo/geocube/internal/svc/service.go:322.35,325.10 2 0
github.com/airbusgeo/geocube/internal/svc/service.go:331.3,331.57 1 0
github.com/airbusgeo/geocube/internal/svc/service.go:335.3,335.71 1 0
github.com/airbusgeo/geocube/internal/svc/service.go:325.10,326.87 1 0
github.com/airbusgeo/geocube/internal/svc/service.go:329.4,329.37 1 0
github.com/airbusgeo/geocube/internal/svc/service.go:326.87,328.5 1 0
github.com/airbusgeo/geocube/internal/svc/service.go:331.57,333.4 1 0
github.com/airbusgeo/geocube/internal/svc/service.go:335.71,337.4 1 0
github.com/airbusgeo/geocube/internal/svc/service.go:339.71,340.81 1 0
github.com/airbusgeo/geocube/internal/svc/service.go:343.3,343.51 1 0
github.com/airbusgeo/geocube/internal/svc/service.go:340.81,342.4 1 0
github.com/airbusgeo/geocube/internal/svc/service.go:348.114,350.16 2 0
github.com/airbusgeo/geocube/internal/svc/service.go:353.2,354.20 2 0
github.com/airbusgeo/geocube/internal/svc/service.go:350.16,352.3 1 0
github.com/airbusgeo/geocube/internal/svc/service.go:358.123,359.71 1 0
github.com/airbusgeo/geocube/internal/svc/service.go:359.71,362.17 2 0
github.com/airbusgeo/geocube/internal/svc/service.go:365.3,368.65 2 0
github.com/airbusgeo/geocube/internal/svc/service.go:373.3,374.17 2 0
github.com/airbusgeo/geocube/internal/svc/service.go:377.3,377.13 1 0
github.com/airbusgeo/geocube/internal/svc/service.go:362.17,364.4 1 0
github.com/airbusgeo/geocube/internal/svc/service.go:368.65,370.4 1 0
github.com/airbusgeo/geocube/internal/svc/service.go:374.17,376.4 1 0
github.com/airbusgeo/geocube/internal/svc/service.go:382.139,387.16 3 0
github.com/airbusgeo/geocube/internal/svc/service.go:390.2,392.72 2 0
github.com/airbusgeo/geocube/internal/svc/service.go:387.16,389.3 1 0
github.com/airbusgeo/geocube/internal/svc/service.go:396.171,401.16 3 0
github.com/airbusgeo/geocube/internal/svc/service.go:404.2,406.72 2 0
github.com/airbusgeo/geocube/internal/svc/service.go:401.16,403.3 1 0
github.com/airbusgeo/geocube/internal/svc/service.go:409.128,410.26 1 0
github.com/airbusgeo/geocube/internal/svc/service.go:414.2,416.71 2 0
github.com/airbusgeo/geocube/internal/svc/service.go:447.2,447.16 1 0
github.com/airbusgeo/geocube/internal/svc/service.go:451.2,451.20 1 0
github.com/airbusgeo/geocube/internal/svc/service.go:410.26,412.3 1 0
github.com/airbusgeo/geocube/internal/svc/service.go:416.71,419.3 2 0
github.com/airbusgeo/geocube/internal/svc/service.go:430.3,434.52 3 0
github.com/airbusgeo/geocube/internal/svc/service.go:437.3,441.59 3 0
github.com/airbusgeo/geocube/internal/svc/service.go:444.3,444.13 1 0
github.com/airbusgeo/geocube/internal/svc/service.go:419.3,421.18 2 0
github.com/airbusgeo/geocube/internal/svc/service.go:424.4,425.18 2 0
github.com/airbusgeo/geocube/internal/svc/service.go:421.18,423.5 1 0
github.com/airbusgeo/geocube/internal/svc/service.go:425.18,427.5 1 0
github.com/airbusgeo/geocube/internal/svc/service.go:434.52,436.4 1 0
github.com/airbusgeo/geocube/internal/svc/service.go:441.59,443.4 1 0
github.com/airbusgeo/geocube/internal/svc/service.go:447.16,449.3 1 0
github.com/airbusgeo/geocube/internal/svc/service.go:455.85,456.71 1 0
github.com/airbusgeo/geocube/internal/svc/service.go:456.71,458.3 1 0
github.com/airbusgeo/geocube/internal/svc/service.go:462.98,464.2 1 0
github.com/airbusgeo/geocube/internal/svc/service.go:467.149,484.2 2 0
github.com/airbusgeo/geocube/internal/svc/service.go:488.92,490.16 2 0
github.com/airbusgeo/geocube/internal/svc/service.go:494.2,494.22 1 0
github.com/airbusgeo/geocube/internal/svc/service.go:497.2,497.18 1 0
github.com/airbusgeo/geocube/internal/svc/service.go:490.16,492.3 1 0
github.com/airbusgeo/geocube/internal/svc/service.go:494.22,496.3 1 0
github.com/airbusgeo/geocube/internal/svc/service.go:502.85,504.16 2 2
github.com/airbusgeo/geocube/internal/svc/service.go:508.2,509.17 2 2
github.com/airbusgeo/geocube/internal/svc/service.go:504.16,506.3 1 0
github.com/airbusgeo/geocube/internal/svc/service.go:513.91,514.19 1 0
github.com/airbusgeo/geocube/internal/svc/service.go:517.2,517.93 1 0
github.com/airbusgeo/geocube/internal/svc/service.go:514.19,516.3 1 0
github.com/airbusgeo/geocube/internal/svc/service.go:521.72,523.2 1 2
github.com/airbusgeo/geocube/internal/svc/service.go:526.107,531.18 3 0
github.com/airbusgeo/geocube/internal/svc/service.go:534.2,535.16 2 0
github.com/airbusgeo/geocube/internal/svc/service.go:539.2,539.31 1 0
github.com/airbusgeo/geocube/internal/svc/service.go:575.2,575.16 1 0
github.com/airbusgeo/geocube/internal/svc/service.go:578.2,578.19 1 0
github.com/airbusgeo/geocube/internal/svc/service.go:531.18,533.3 1 0
github.com/airbusgeo/geocube/internal/svc/service.go:535.16,537.3 1 0
github.com/airbusgeo/geocube/internal/svc/service.go:539.31,540.72 1 0
github.com/airbusgeo/geocube/internal/svc/service.go:567.3,567.17 1 0
github.com/airbusgeo/geocube/internal/svc/service.go:540.72,543.18 2 0
github.com/airbusgeo/geocube/internal/svc/service.go:547.4,548.18 2 0
github.com/airbusgeo/geocube/internal/svc/service.go:551.4,554.38 2 0
github.com/airbusgeo/geocube/internal/svc/service.go:561.4,562.18 2 0
github.com/airbusgeo/geocube/internal/svc/service.go:565.4,565.14 1 0
github.com/airbusgeo/geocube/internal/svc/service.go:543.18,545.5 1 0
github.com/airbusgeo/geocube/internal/svc/service.go:548.18,550.5 1 0
github.com/airbusgeo/geocube/internal/svc/service.go:554.38,558.5 2 0
github.com/airbusgeo/geocube/internal/svc/service.go:562.18,564.5 1 0
github.com/airbusgeo/geocube/internal/svc/service.go:567.17,570.4 1 0
github.com/airbusgeo/geocube/internal/svc/service.go:570.9,572.4 1 0
github.com/airbusgeo/geocube/internal/svc/service.go:575.16,577.3 1 0
github.com/airbusgeo/geocube/internal/svc/service.go:581.110,584.16 2 3
github.com/airbusgeo/geocube/internal/svc/service.go:589.2,589.15 1 3
github.com/airbusgeo/geocube/internal/svc/service.go:596.2,596.30 1 3
github.com/airbusgeo/geocube/internal/svc/service.go:601.2,601.21 1 3
github.com/airbusgeo/geocube/internal/svc/service.go:584.16,586.3 1 0
github.com/airbusgeo/geocube/internal/svc/service.go:589.15,590.38 1 3
github.com/airbusgeo/geocube/internal/svc/service.go:590.38,592.4 1 3
github.com/airbusgeo/geocube/internal/svc/service.go:596.30,598.3 1 0
github.com/airbusgeo/geocube/internal/svc/admin.go:17.148,20.77 2 0
github.com/airbusgeo/geocube/internal/svc/admin.go:62.2,62.40 1 0
github.com/airbusgeo/geocube/internal/svc/admin.go:65.2,65.16 1 0
github.com/airbusgeo/geocube/internal/svc/admin.go:69.2,69.20 1 0
github.com/airbusgeo/geocube/internal/svc/admin.go:20.77,21.14 1 0
github.com/airbusgeo/geocube/internal/svc/admin.go:26.3,26.11 1 0
github.com/airbusgeo/geocube/internal/svc/admin.go:32.3,32.16 1 0
github.com/airbusgeo/geocube/internal/svc/admin.go:38.3,38.16 1 0
github.com/airbusgeo/geocube/internal/svc/admin.go:44.3,44.17 1 0
github.com/airbusgeo/geocube/internal/svc/admin.go:50.3,50.13 1 0
github.com/airbusgeo/geocube/internal/svc/admin.go:56.3,56.15 1 0
github.com/airbusgeo/geocube/internal/svc/admin.go:59.3,59.13 1 0
github.com/airbusgeo/geocube/internal/svc/admin.go:21.14,22.63 1 0
github.com/airbusgeo/geocube/internal/svc/admin.go:22.63,24.5 1 0
github.com/airbusgeo/geocube/internal/svc/admin.go:26.11,27.60 1 0
github.com/airbusgeo/geocube/internal/svc/admin.go:27.60,29.5 1 0
github.com/airbusgeo/geocube/internal/svc/admin.go:32.16,33.65 1 0
github.com/airbusgeo/geocube/internal/svc/admin.go:33.65,35.5 1 0
github.com/airbusgeo/geocube/internal/svc/admin.go:38.16,39.65 1 0
github.com/airbusgeo/geocube/internal/svc/admin.go:39.65,41.5 1 0
github.com/airbusgeo/geocube/internal/svc/admin.go:44.17,45.66 1 0
github.com/airbusgeo/geocube/internal/svc/admin.go:45.66,47.5 1 0
github.com/airbusgeo/geocube/internal/svc/admin.go:50.13,51.75 1 0
github.com/airbusgeo/geocube/internal/svc/admin.go:51.75,53.5 1 0
github.com/airbusgeo/geocube/internal/svc/admin.go:56.15,58.4 1 0
github.com/airbusgeo/geocube/internal/svc/admin.go:62.40,64.3 1 0
github.com/airbusgeo/geocube/internal/svc/admin.go:65.16,67.3 1 0
github.com/airbusgeo/geocube/internal/svc/admin.go:73.147,76.77 2 0
github.com/airbusgeo/geocube/internal/svc/admin.go:87.2,87.40 1 0
github.com/airbusgeo/geocube/internal/svc/admin.go:90.2,90.16 1 0
github.com/airbusgeo/geocube/internal/svc/admin.go:94.2,94.21 1 0
github.com/airbusgeo/geocube/internal/svc/admin.go:76.77,77.79 1 0
github.com/airbusgeo/geocube/internal/svc/admin.go:81.3,81.15 1 0
github.com/airbusgeo/geocube/internal/svc/admin.go:84.3,84.13 1 0
github.com/airbusgeo/geocube/internal/svc/admin.go:77.79,79.4 1 0
github.com/airbusgeo/geocube/internal/svc/admin.go:81.15,83.4 1 0
github.com/airbusgeo/geocube/internal/svc/admin.go:87.40,89.3 1 0
github.com/airbusgeo/geocube/internal/svc/admin.go:90.16,92.3 1 0
github.com/airbusgeo/geocube/internal/svc/admin.go:98.132,101.77 2 0
github.com/airbusgeo/geocube/internal/svc/admin.go:120.2,120.16 1 0
github.com/airbusgeo/geocube/internal/svc/admin.go:124.2,124.21 1 0
github.com/airbusgeo/geocube/internal/svc/admin.go:101.77,103.17 2 0
github.com/airbusgeo/geocube/internal/svc/admin.go:106.3,107.36 2 0
github.com/airbusgeo/geocube/internal/svc/admin.go:112.3,112.16 1 0
github.com/airbusgeo/geocube/internal/svc/admin.go:117.3,117.13 1 0
github.com/airbusgeo/geocube/internal/svc/admin.go:103.17,105.4 1 0
github.com/airbusgeo/geocube/internal/svc/admin.go:107.36,110.4 2 0
github.com/airbusgeo/geocube/internal/svc/admin.go:112.16,113.61 1 0
github.com/airbusgeo/geocube/internal/svc/admin.go:113.61,115.5 1 0
github.com/airbusgeo/geocube/internal/svc/admin.go:120.16,122.3 1 0
github.com/airbusgeo/geocube/internal/svc/catalog.go:36.90,39.16 2 0
github.com/airbusgeo/geocube/internal/svc/catalog.go:44.2,46.32 3 0
github.com/airbusgeo/geocube/internal/svc/catalog.go:54.2,55.16 2 0
github.com/airbusgeo/geocube/internal/svc/catalog.go:60.2,61.16 2 0
github.com/airbusgeo/geocube/internal/svc/catalog.go:66.2,71.91 4 0
github.com/airbusgeo/geocube/internal/svc/catalog.go:39.16,41.3 1 0
github.com/airbusgeo/geocube/internal/svc/catalog.go:46.32,48.24 2 0
github.com/airbusgeo/geocube/internal/svc/catalog.go:48.24,50.4 1 0
github.com/airbusgeo/geocube/internal/svc/catalog.go:55.16,57.3 1 0
github.com/airbusgeo/geocube/internal/svc/catalog.go:61.16,63.3 1 0
github.com/airbusgeo/geocube/internal/svc/catalog.go:77.90,80.16 2 0
github.com/airbusgeo/geocube/internal/svc/catalog.go:85.2,86.16 2 0
github.com/airbusgeo/geocube/internal/svc/catalog.go:91.2,92.16 2 0
github.com/airbusgeo/geocube/internal/svc/catalog.go:97.2,98.28 2 0
github.com/airbusgeo/geocube/internal/svc/catalog.go:103.2,104.90 2 0
github.com/airbusgeo/geocube/internal/svc/catalog.go:80.16,82.3 1 0
github.com/airbusgeo/geocube/internal/svc/catalog.go:86.16,88.3 1 0
github.com/airbusgeo/geocube/internal/svc/catalog.go:92.16,94.3 1 0
github.com/airbusgeo/geocube/internal/svc/catalog.go:98.28,100.3 1 0
github.com/airbusgeo/geocube/internal/svc/catalog.go:107.229,110.16 2 0
github.com/airbusgeo/geocube/internal/svc/catalog.go:113.2,113.41 1 0
github.com/airbusgeo/geocube/internal/svc/catalog.go:120.2,135.16 3 0
github.com/airbusgeo/geocube/internal/svc/catalog.go:139.2,139.28 1 0
github.com/airbusgeo/geocube/internal/svc/catalog.go:146.2,147.16 2 0
github.com/airbusgeo/geocube/internal/svc/catalog.go:151.2,151.31 1 0
github.com/airbusgeo/geocube/internal/svc/catalog.go:110.16,112.3 1 0
github.com/airbusgeo/geocube/internal/svc/catalog.go:113.41,114.66 1 0
github.com/airbusgeo/geocube/internal/svc/catalog.go:114.66,116.4 1 0
github.com/airbusgeo/geocube/internal/svc/catalog.go:135.16,137.3 1 0
github.com/airbusgeo/geocube/internal/svc/catalog.go:139.28,140.83 1 0
github.com/airbusgeo/geocube/internal/svc/catalog.go:140.83,142.4 1 0
github.com/airbusgeo/geocube/internal/svc/catalog.go:147.16,149.3 1 0
github.com/airbusgeo/geocube/internal/svc/catalog.go:155.170,158.33 3 0
github.com/airbusgeo/geocube/internal/svc/catalog.go:170.2,170.52 1 0
github.com/airbusgeo/geocube/internal/svc/catalog.go:158.33,160.34 2 0
github.com/airbusgeo/geocube/internal/svc/catalog.go:160.34,164.4 2 0
github.com/airbusgeo/geocube/internal/svc/catalog.go:164.9,168.4 3 0
github.com/airbusgeo/geocube/internal/svc/catalog.go:174.171,177.47 2 0
github.com/airbusgeo/geocube/internal/svc/catalog.go:185.2,186.39 2 0
github.com/airbusgeo/geocube/internal/svc/catalog.go:177.47,179.81 1 0
github.com/airbusgeo/geocube/internal/svc/catalog.go:181.3,182.55 2 0
github.com/airbusgeo/geocube/internal/svc/catalog.go:179.82,180.4 0 0
github.com/airbusgeo/geocube/internal/svc/catalog.go:190.51,192.2 1 0
github.com/airbusgeo/geocube/internal/svc/catalog.go:194.214,195.17 1 0
github.com/airbusgeo/geocube/internal/svc/catalog.go:211.2,213.44 3 0
github.com/airbusgeo/geocube/internal/svc/catalog.go:219.2,225.2 3 0
github.com/airbusgeo/geocube/internal/svc/catalog.go:238.2,238.27 1 0
github.com/airbusgeo/geocube/internal/svc/catalog.go:195.17,198.36 2 0
github.com/airbusgeo/geocube/internal/svc/catalog.go:205.3,207.25 2 0
github.com/airbusgeo/geocube/internal/svc/catalog.go:198.36,204.4 1 0
github.com/airbusgeo/geocube/internal/svc/catalog.go:213.44,216.3 2 0
github.com/airbusgeo/geocube/internal/svc/catalog.go:225.2,228.34 3 0
github.com/airbusgeo/geocube/internal/svc/catalog.go:232.3,232.26 1 0
github.com/airbusgeo/geocube/internal/svc/catalog.go:235.3,235.17 1 0
github.com/airbusgeo/geocube/internal/svc/catalog.go:228.34,230.4 1 0
github.com/airbusgeo/geocube/internal/svc/catalog.go:232.26,234.4 1 0
github.com/airbusgeo/geocube/internal/svc/catalog.go:242.121,248.2 3 0
github.com/airbusgeo/geocube/internal/svc/catalog.go:273.2,274.16 2 0
github.com/airbusgeo/geocube/internal/svc/catalog.go:277.2,277.15 1 0
github.com/airbusgeo/geocube/internal/svc/catalog.go:280.2,285.2 4 0
github.com/airbusgeo/geocube/internal/svc/catalog.go:299.2,300.16 2 0
github.com/airbusgeo/geocube/internal/svc/catalog.go:304.2,304.19 1 0
github.com/airbusgeo/geocube/internal/svc/catalog.go:248.2,251.17 2 0
github.com/airbusgeo/geocube/internal/svc/catalog.go:254.3,258.17 3 0
github.com/airbusgeo/geocube/internal/svc/catalog.go:263.3,267.17 3 0
github.com/airbusgeo/geocube/internal/svc/catalog.go:251.17,253.4 1 0
github.com/airbusgeo/geocube/internal/svc/catalog.go:258.17,260.4 1 0
github.com/airbusgeo/geocube/internal/svc/catalog.go:267.17,269.4 1 0
github.com/airbusgeo/geocube/internal/svc/catalog.go:274.16,276.3 1 0
github.com/airbusgeo/geocube/internal/svc/catalog.go:277.15,279.3 1 0
github.com/airbusgeo/geocube/internal/svc/catalog.go:285.2,287.17 2 0
github.com/airbusgeo/geocube/internal/svc/catalog.go:290.3,290.29 1 0
github.com/airbusgeo/geocube/internal/svc/catalog.go:295.3,295.62 1 0
github.com/airbusgeo/geocube/internal/svc/catalog.go:287.17,289.4 1 0
github.com/airbusgeo/geocube/internal/svc/catalog.go:290.29,291.76 1 0
github.com/airbusgeo/geocube/internal/svc/catalog.go:291.76,293.5 1 0
github.com/airbusgeo/geocube/internal/svc/catalog.go:300.16,302.3 1 0
github.com/airbusgeo/geocube/internal/svc/catalog.go:307.90,313.16 4 0
github.com/airbusgeo/geocube/internal/svc/catalog.go:316.2,323.16 5 0
github.com/airbusgeo/geocube/internal/svc/catalog.go:326.2,329.92 2 0
github.com/airbusgeo/geocube/internal/svc/catalog.go:313.16,315.3 1 0
github.com/airbusgeo/geocube/internal/svc/catalog.go:323.16,325.3 1 0
github.com/airbusgeo/geocube/internal/svc/catalog.go:333.94,336.36 3 0
github.com/airbusgeo/geocube/internal/svc/catalog.go:336.36,338.10 1 0
github.com/airbusgeo/geocube/internal/svc/catalog.go:345.3,345.10 1 0
github.com/airbusgeo/geocube/internal/svc/catalog.go:339.26,339.26 0 0
github.com/airbusgeo/geocube/internal/svc/catalog.go:340.21,341.10 1 0
github.com/airbusgeo/geocube/internal/svc/catalog.go:346.25,346.25 0 0
github.com/airbusgeo/geocube/internal/svc/catalog.go:347.21,348.10 1 0
github.com/airbusgeo/geocube/internal/svc/catalog.go:360.61,363.40 2 0
github.com/airbusgeo/geocube/internal/svc/catalog.go:373.2,373.28 1 0
github.com/airbusgeo/geocube/internal/svc/catalog.go:380.2,380.13 1 0
github.com/airbusgeo/geocube/internal/svc/catalog.go:363.40,364.37 1 0
github.com/airbusgeo/geocube/internal/svc/catalog.go:364.37,365.54 1 0
github.com/airbusgeo/geocube/internal/svc/catalog.go:365.54,367.10 2 0
github.com/airbusgeo/geocube/internal/svc/catalog.go:373.28,374.32 1 0
github.com/airbusgeo/geocube/internal/svc/catalog.go:374.32,375.31 1 0
github.com/airbusgeo/geocube/internal/svc/catalog.go:375.31,377.5 1 0
github.com/airbusgeo/geocube/internal/svc/catalog.go:384.119,385.24 1 0
github.com/airbusgeo/geocube/internal/svc/catalog.go:385.24,387.10 1 0
github.com/airbusgeo/geocube/internal/svc/catalog.go:394.3,397.17 4 0
github.com/airbusgeo/geocube/internal/svc/catalog.go:409.3,412.10 2 0
github.com/airbusgeo/geocube/internal/svc/catalog.go:388.21,389.10 1 0
github.com/airbusgeo/geocube/internal/svc/catalog.go:390.11,390.11 0 0
github.com/airbusgeo/geocube/internal/svc/catalog.go:397.17,399.30 1 0
github.com/airbusgeo/geocube/internal/svc/catalog.go:407.4,407.14 1 0
github.com/airbusgeo/geocube/internal/svc/catalog.go:400.17,403.99 3 0
github.com/airbusgeo/geocube/internal/svc/catalog.go:404.12,405.51 1 0
github.com/airbusgeo/geocube/internal/svc/catalog.go:413.21,414.10 1 0
github.com/airbusgeo/geocube/internal/svc/catalog.go:415.106,415.106 0 0
github.com/airbusgeo/geocube/internal/svc/catalog.go:422.185,425.16 2 0
github.com/airbusgeo/geocube/internal/svc/catalog.go:428.2,428.41 1 0
github.com/airbusgeo/geocube/internal/svc/catalog.go:435.2,436.16 2 0
github.com/airbusgeo/geocube/internal/svc/catalog.go:439.2,439.24 1 0
github.com/airbusgeo/geocube/internal/svc/catalog.go:444.2,450.55 3 0
github.com/airbusgeo/geocube/internal/svc/catalog.go:425.16,427.3 1 0
github.com/airbusgeo/geocube/internal/svc/catalog.go:428.41,429.66 1 0
github.com/airbusgeo/geocube/internal/svc/catalog.go:429.66,431.4 1 0
github.com/airbusgeo/geocube/internal/svc/catalog.go:436.16,438.3 1 0
github.com/airbusgeo/geocube/internal/svc/catalog.go:439.24,441.3 1 0
github.com/airbusgeo/geocube/internal/svc/consolidater.go:21.79,22.48 1 0
github.com/airbusgeo/geocube/internal/svc/consolidater.go:32.2,32.54 1 0
github.com/airbusgeo/geocube/internal/svc/consolidater.go:22.48,23.57 1 0
github.com/airbusgeo/geocube/internal/svc/consolidater.go:30.3,30.13 1 0
github.com/airbusgeo/geocube/internal/svc/consolidater.go:23.57,24.29 1 0
github.com/airbusgeo/geocube/internal/svc/consolidater.go:28.4,28.14 1 0
github.com/airbusgeo/geocube/internal/svc/consolidater.go:24.29,27.5 1 0
github.com/airbusgeo/geocube/internal/svc/consolidater.go:35.83,38.16 2 2
github.com/airbusgeo/geocube/internal/svc/consolidater.go:43.2,43.40 1 2
github.com/airbusgeo/geocube/internal/svc/consolidater.go:48.2,48.50 1 1
github.com/airbusgeo/geocube/internal/svc/consolidater.go:53.2,56.12 4 1
github.com/airbusgeo/geocube/internal/svc/consolidater.go:38.16,40.3 1 0
github.com/airbusgeo/geocube/internal/svc/consolidater.go:43.40,45.3 1 1
github.com/airbusgeo/geocube/internal/svc/consolidater.go:48.50,50.3 1 0
github.com/airbusgeo/geocube/internal/svc/consolidater.go:59.85,62.16 2 0
github.com/airbusgeo/geocube/internal/svc/consolidater.go:65.2,67.43 2 0
github.com/airbusgeo/geocube/internal/svc/consolidater.go:71.2,71.50 1 0
github.com/airbusgeo/geocube/internal/svc/consolidater.go:75.2,77.26 2 0
github.com/airbusgeo/geocube/internal/svc/consolidater.go:89.2,89.12 1 0
github.com/airbusgeo/geocube/internal/svc/consolidater.go:62.16,64.3 1 0
github.com/airbusgeo/geocube/internal/svc/consolidater.go:67.43,69.3 1 0
github.com/airbusgeo/geocube/internal/svc/consolidater.go:71.50,73.3 1 0
github.com/airbusgeo/geocube/internal/svc/consolidater.go:77.26,78.59 1 0
github.com/airbusgeo/geocube/internal/svc/consolidater.go:82.3,82.26 1 0
github.com/airbusgeo/geocube/internal/svc/consolidater.go:86.3,86.67 1 0
github.com/airbusgeo/geocube/internal/svc/consolidater.go:78.59,81.4 2 0
github.com/airbusgeo/geocube/internal/svc/consolidater.go:82.26,85.4 1 0
github.com/airbusgeo/geocube/internal/svc/consolidater.go:94.84,95.17 1 1
github.com/airbusgeo/geocube/internal/svc/consolidater.go:142.2,142.12 1 0
github.com/airbusgeo/geocube/internal/svc/consolidater.go:96.27,97.40 1 0
github.com/airbusgeo/geocube/internal/svc/consolidater.go:99.31,100.39 1 0
github.com/airbusgeo/geocube/internal/svc/consolidater.go:102.47,103.36 1 0
github.com/airbusgeo/geocube/internal/svc/consolidater.go:105.41,106.31 1 0
github.com/airbusgeo/geocube/internal/svc/consolidater.go:108.44,109.38 1 0
github.com/airbusgeo/geocube/internal/svc/consolidater.go:111.46,112.40 1 0
github.com/airbusgeo/geocube/internal/svc/consolidater.go:114.28,116.13 1 0
github.com/airbusgeo/geocube/internal/svc/consolidater.go:118.37,120.38 2 0
github.com/airbusgeo/geocube/internal/svc/consolidater.go:122.47,123.32 1 1
github.com/airbusgeo/geocube/internal/svc/consolidater.go:125.117,128.13 3 0
github.com/airbusgeo/geocube/internal/svc/consolidater.go:130.45,131.31 1 0
github.com/airbusgeo/geocube/internal/svc/consolidater.go:133.31,134.34 1 0
github.com/airbusgeo/geocube/internal/svc/consolidater.go:136.30,139.13 2 0
github.com/airbusgeo/geocube/internal/svc/consolidater.go:145.85,147.2 1 0
github.com/airbusgeo/geocube/internal/svc/consolidater.go:149.80,150.33 1 0
github.com/airbusgeo/geocube/internal/svc/consolidater.go:150.33,152.3 1 0
github.com/airbusgeo/geocube/internal/svc/consolidater.go:162.84,166.71 3 0
github.com/airbusgeo/geocube/internal/svc/consolidater.go:368.2,368.16 1 0
github.com/airbusgeo/geocube/internal/svc/consolidater.go:372.2,372.76 1 0
github.com/airbusgeo/geocube/internal/svc/consolidater.go:166.71,171.3 3 0
github.com/airbusgeo/geocube/internal/svc/consolidater.go:178.3,183.17 4 0
github.com/airbusgeo/geocube/internal/svc/consolidater.go:186.3,190.17 3 0
github.com/airbusgeo/geocube/internal/svc/consolidater.go:193.3,198.3 4 0
github.com/airbusgeo/geocube/internal/svc/consolidater.go:221.3,225.27 3 0
github.com/airbusgeo/geocube/internal/svc/consolidater.go:354.3,354.26 1 0
github.com/airbusgeo/geocube/internal/svc/consolidater.go:359.3,365.36 3 0
github.com/airbusgeo/geocube/internal/svc/consolidater.go:171.3,173.18 2 0
github.com/airbusgeo/geocube/internal/svc/consolidater.go:176.4,176.41 1 0
github.com/airbusgeo/geocube/internal/svc/consolidater.go:173.18,175.5 1 0
github.com/airbusgeo/geocube/internal/svc/consolidater.go:183.17,185.4 1 0
github.com/airbusgeo/geocube/internal/svc/consolidater.go:190.17,192.4 1 0
github.com/airbusgeo/geocube/internal/svc/consolidater.go:198.3,201.18 2 0
github.com/airbusgeo/geocube/internal/svc/consolidater.go:204.4,209.18 4 0
github.com/airbusgeo/geocube/internal/svc/consolidater.go:214.4,215.18 2 0
github.com/airbusgeo/geocube/internal/svc/consolidater.go:218.4,218.86 1 0
github.com/airbusgeo/geocube/internal/svc/consolidater.go:201.18,203.5 1 0
github.com/airbusgeo/geocube/internal/svc/consolidater.go:209.18,211.5 1 0
github.com/airbusgeo/geocube/internal/svc/consolidater.go:215.18,217.5 1 0
github.com/airbusgeo/geocube/internal/svc/consolidater.go:225.27,229.4 3 0
github.com/airbusgeo/geocube/internal/svc/consolidater.go:253.4,254.60 2 0
github.com/airbusgeo/geocube/internal/svc/consolidater.go:261.4,262.18 2 0
github.com/airbusgeo/geocube/internal/svc/consolidater.go:267.4,267.130 1 0
github.com/airbusgeo/geocube/internal/svc/consolidater.go:276.4,276.89 1 0
github.com/airbusgeo/geocube/internal/svc/consolidater.go:281.4,285.25 3 0
github.com/airbusgeo/geocube/internal/svc/consolidater.go:314.4,315.35 2 0
github.com/airbusgeo/geocube/internal/svc/consolidater.go:325.4,327.40 3 0
github.com/airbusgeo/geocube/internal/svc/consolidater.go:229.4,233.19 2 0
github.com/airbusgeo/geocube/internal/svc/consolidater.go:237.5,237.21 1 0
github.com/airbusgeo/geocube/internal/svc/consolidater.go:241.5,242.32 2 0
github.com/airbusgeo/geocube/internal/svc/consolidater.go:233.19,235.6 1 0
github.com/airbusgeo/geocube/internal/svc/consolidater.go:237.21,238.14 1 0
github.com/airbusgeo/geocube/internal/svc/consolidater.go:242.32,249.6 2 0
github.com/airbusgeo/geocube/internal/svc/consolidater.go:254.60,257.5 2 0
github.com/airbusgeo/geocube/internal/svc/consolidater.go:257.10,259.5 1 0
github.com/airbusgeo/geocube/internal/svc/consolidater.go:262.18,264.5 1 0
github.com/airbusgeo/geocube/internal/svc/consolidater.go:267.130,268.19 1 0
github.com/airbusgeo/geocube/internal/svc/consolidater.go:272.5,272.13 1 0
github.com/airbusgeo/geocube/internal/svc/consolidater.go:268.19,270.6 1 0
github.com/airbusgeo/geocube/internal/svc/consolidater.go:276.89,278.5 1 0
github.com/airbusgeo/geocube/internal/svc/consolidater.go:285.25,287.38 2 0
github.com/airbusgeo/geocube/internal/svc/consolidater.go:307.5,307.22 1 0
github.com/airbusgeo/geocube/internal/svc/consolidater.go:287.38,289.20 2 0
github.com/airbusgeo/geocube/internal/svc/consolidater.go:293.6,294.20 2 0
github.com/airbusgeo/geocube/internal/svc/consolidater.go:298.6,299.20 2 0
github.com/airbusgeo/geocube/internal/svc/consolidater.go:303.6,303.16 1 0
github.com/airbusgeo/geocube/internal/svc/consolidater.go:289.20,291.15 2 0
github.com/airbusgeo/geocube/internal/svc/consolidater.go:294.20,296.15 2 0
github.com/airbusgeo/geocube/internal/svc/consolidater.go:299.20,301.15 2 0
github.com/airbusgeo/geocube/internal/svc/consolidater.go:303.16,305.7 1 0
github.com/airbusgeo/geocube/internal/svc/consolidater.go:307.22,309.6 1 0
github.com/airbusgeo/geocube/internal/svc/consolidater.go:315.35,317.71 2 0
github.com/airbusgeo/geocube/internal/svc/consolidater.go:321.5,321.38 1 0
github.com/airbusgeo/geocube/internal/svc/consolidater.go:317.71,320.6 2 0
github.com/airbusgeo/geocube/internal/svc/consolidater.go:327.40,329.9 1 0
github.com/airbusgeo/geocube/internal/svc/consolidater.go:341.5,348.59 2 0
github.com/airbusgeo/geocube/internal/svc/consolidater.go:329.9,332.84 3 0
github.com/airbusgeo/geocube/internal/svc/consolidater.go:332.84,333.55 1 0
github.com/airbusgeo/geocube/internal/svc/consolidater.go:336.7,336.53 1 0
github.com/airbusgeo/geocube/internal/svc/consolidater.go:333.55,334.13 1 0
github.com/airbusgeo/geocube/internal/svc/consolidater.go:348.59,350.6 1 0
github.com/airbusgeo/geocube/internal/svc/consolidater.go:354.26,356.4 1 0
github.com/airbusgeo/geocube/internal/svc/consolidater.go:368.16,370.3 1 0
github.com/airbusgeo/geocube/internal/svc/consolidater.go:377.150,380.26 2 0
github.com/airbusgeo/geocube/internal/svc/consolidater.go:385.2,386.16 2 0
github.com/airbusgeo/geocube/internal/svc/consolidater.go:390.2,392.43 2 0
github.com/airbusgeo/geocube/internal/svc/consolidater.go:395.2,395.12 1 0
github.com/airbusgeo/geocube/internal/svc/consolidater.go:380.26,381.54 1 0
github.com/airbusgeo/geocube/internal/svc/consolidater.go:381.54,383.4 1 0
github.com/airbusgeo/geocube/internal/svc/consolidater.go:386.16,388.3 1 0
github.com/airbusgeo/geocube/internal/svc/consolidater.go:392.43,394.3 1 0
github.com/airbusgeo/geocube/internal/svc/consolidater.go:400.101,401.40 1 0
github.com/airbusgeo/geocube/internal/svc/consolidater.go:419.2,419.17 1 0
github.com/airbusgeo/geocube/internal/svc/consolidater.go:401.40,404.62 2 0
github.com/airbusgeo/geocube/internal/svc/consolidater.go:411.3,411.22 1 0
github.com/airbusgeo/geocube/internal/svc/consolidater.go:404.62,405.55 1 0
github.com/airbusgeo/geocube/internal/svc/consolidater.go:408.4,408.7 1 0
github.com/airbusgeo/geocube/internal/svc/consolidater.go:405.55,406.10 1 0
github.com/airbusgeo/geocube/internal/svc/consolidater.go:411.22,414.4 2 0
github.com/airbusgeo/geocube/internal/svc/consolidater.go:414.9,417.4 2 0
github.com/airbusgeo/geocube/internal/svc/consolidater.go:424.214,427.11 2 0
github.com/airbusgeo/geocube/internal/svc/consolidater.go:432.2,432.36 1 0
github.com/airbusgeo/geocube/internal/svc/consolidater.go:452.2,452.18 1 0
github.com/airbusgeo/geocube/internal/svc/consolidater.go:427.11,429.3 1 0
github.com/airbusgeo/geocube/internal/svc/consolidater.go:432.36,435.17 2 0
github.com/airbusgeo/geocube/internal/svc/consolidater.go:438.3,438.40 1 0
github.com/airbusgeo/geocube/internal/svc/consolidater.go:435.17,437.4 1 0
github.com/airbusgeo/geocube/internal/svc/consolidater.go:438.40,440.47 1 0
github.com/airbusgeo/geocube/internal/svc/consolidater.go:440.47,441.45 1 0
github.com/airbusgeo/geocube/internal/svc/consolidater.go:441.45,448.6 2 0
github.com/airbusgeo/geocube/internal/svc/consolidater.go:457.133,461.36 4 16
github.com/airbusgeo/geocube/internal/svc/consolidater.go:481.2,481.45 1 16
github.com/airbusgeo/geocube/internal/svc/consolidater.go:461.36,462.56 1 24
github.com/airbusgeo/geocube/internal/svc/consolidater.go:462.56,466.4 2 4
github.com/airbusgeo/geocube/internal/svc/consolidater.go:466.9,466.68 1 20
github.com/airbusgeo/geocube/internal/svc/consolidater.go:466.68,469.4 1 2
github.com/airbusgeo/geocube/internal/svc/consolidater.go:469.9,469.63 1 18
github.com/airbusgeo/geocube/internal/svc/consolidater.go:469.63,474.4 3 6
github.com/airbusgeo/geocube/internal/svc/consolidater.go:474.9,479.4 2 12
github.com/airbusgeo/geocube/internal/svc/consolidater.go:484.81,489.16 3 0
github.com/airbusgeo/geocube/internal/svc/consolidater.go:493.2,494.29 2 0
github.com/airbusgeo/geocube/internal/svc/consolidater.go:499.2,499.35 1 0
github.com/airbusgeo/geocube/internal/svc/consolidater.go:505.2,505.88 1 0
github.com/airbusgeo/geocube/internal/svc/consolidater.go:508.2,508.12 1 0
github.com/airbusgeo/geocube/internal/svc/consolidater.go:489.16,491.3 1 0
github.com/airbusgeo/geocube/internal/svc/consolidater.go:494.29,496.3 1 0
github.com/airbusgeo/geocube/internal/svc/consolidater.go:499.35,502.3 2 0
github.com/airbusgeo/geocube/internal/svc/consolidater.go:505.88,507.3 1 0
github.com/airbusgeo/geocube/internal/svc/consolidater.go:511.82,515.108 2 0
github.com/airbusgeo/geocube/internal/svc/consolidater.go:520.2,520.25 1 0
github.com/airbusgeo/geocube/internal/svc/consolidater.go:578.2,578.69 1 0
github.com/airbusgeo/geocube/internal/svc/consolidater.go:515.108,517.3 1 0
github.com/airbusgeo/geocube/internal/svc/consolidater.go:520.25,521.72 1 0
github.com/airbusgeo/geocube/internal/svc/consolidater.go:573.3,573.17 1 0
github.com/airbusgeo/geocube/internal/svc/consolidater.go:521.72,523.18 2 0
github.com/airbusgeo/geocube/internal/svc/consolidater.go:526.4,527.18 2 0
github.com/airbusgeo/geocube/internal/svc/consolidater.go:532.4,533.18 2 0
github.com/airbusgeo/geocube/internal/svc/consolidater.go:537.4,538.30 2 0
github.com/airbusgeo/geocube/internal/svc/consolidater.go:546.4,546.84 1 0
github.com/airbusgeo/geocube/internal/svc/consolidater.go:562.4,562.67 1 0
github.com/airbusgeo/geocube/internal/svc/consolidater.go:568.4,571.37 2 0
github.com/airbusgeo/geocube/internal/svc/consolidater.go:523.18,525.5 1 0
github.com/airbusgeo/geocube/internal/svc/consolidater.go:527.18,529.5 1 0
github.com/airbusgeo/geocube/internal/svc/consolidater.go:533.18,535.5 1 0
github.com/airbusgeo/geocube/internal/svc/consolidater.go:538.30,540.19 2 0
github.com/airbusgeo/geocube/internal/svc/consolidater.go:543.5,543.50 1 0
github.com/airbusgeo/geocube/internal/svc/consolidater.go:540.19,542.6 1 0
github.com/airbusgeo/geocube/internal/svc/consolidater.go:546.84,548.5 1 0
github.com/airbusgeo/geocube/internal/svc/consolidater.go:551.4,553.51 2 0
github.com/airbusgeo/geocube/internal/svc/consolidater.go:558.5,558.54 1 0
github.com/airbusgeo/geocube/internal/svc/consolidater.go:553.51,554.25 1 0
github.com/airbusgeo/geocube/internal/svc/consolidater.go:554.25,556.7 1 0
github.com/airbusgeo/geocube/internal/svc/consolidater.go:562.67,564.5 1 0
github.com/airbusgeo/geocube/internal/svc/consolidater.go:573.17,575.4 1 0
github.com/airbusgeo/geocube/internal/svc/consolidater.go:581.83,584.71 2 0
github.com/airbusgeo/geocube/internal/svc/consolidater.go:603.2,603.16 1 0
github.com/airbusgeo/geocube/internal/svc/consolidater.go:606.2,606.64 1 0
github.com/airbusgeo/geocube/internal/svc/consolidater.go:584.71,587.17 2 0
github.com/airbusgeo/geocube/internal/svc/consolidater.go:592.3,593.17 2 0
github.com/airbusgeo/geocube/internal/svc/consolidater.go:597.3,600.36 2 0
github.com/airbusgeo/geocube/internal/svc/consolidater.go:587.17,589.4 1 0
github.com/airbusgeo/geocube/internal/svc/consolidater.go:593.17,595.4 1 0
github.com/airbusgeo/geocube/internal/svc/consolidater.go:603.16,605.3 1 0
github.com/airbusgeo/geocube/internal/svc/consolidater.go:609.85,613.16 3 0
github.com/airbusgeo/geocube/internal/svc/consolidater.go:616.2,616.19 1 0
github.com/airbusgeo/geocube/internal/svc/consolidater.go:623.2,623.61 1 0
github.com/airbusgeo/geocube/internal/svc/consolidater.go:613.16,615.3 1 0
github.com/airbusgeo/geocube/internal/svc/consolidater.go:616.19,617.30 1 0
github.com/airbusgeo/geocube/internal/svc/consolidater.go:620.3,620.79 1 0
github.com/airbusgeo/geocube/internal/svc/consolidater.go:617.30,619.4 1 0
github.com/airbusgeo/geocube/internal/svc/consolidater.go:628.182,630.74 2 0
github.com/airbusgeo/geocube/internal/svc/consolidater.go:653.2,653.56 1 0
github.com/airbusgeo/geocube/internal/svc/consolidater.go:630.74,633.17 2 0
github.com/airbusgeo/geocube/internal/svc/consolidater.go:637.3,638.51 2 0
github.com/airbusgeo/geocube/internal/svc/consolidater.go:643.3,643.112 1 0
github.com/airbusgeo/geocube/internal/svc/consolidater.go:646.3,646.13 1 0
github.com/airbusgeo/geocube/internal/svc/consolidater.go:633.17,635.4 1 0
github.com/airbusgeo/geocube/internal/svc/consolidater.go:638.51,640.4 1 0
github.com/airbusgeo/geocube/internal/svc/consolidater.go:643.112,645.4 1 0
github.com/airbusgeo/geocube/internal/svc/consolidater.go:647.17,649.3 1 0
github.com/airbusgeo/geocube/internal/svc/consolidater.go:658.206,663.35 3 0
github.com/airbusgeo/geocube/internal/svc/consolidater.go:670.2,671.16 2 0
github.com/airbusgeo/geocube/internal/svc/consolidater.go:674.2,674.23 1 0
github.com/airbusgeo/geocube/internal/svc/consolidater.go:680.2,680.35 1 0
github.com/airbusgeo/geocube/internal/svc/consolidater.go:695.2,695.39 1 0
github.com/airbusgeo/geocube/internal/svc/consolidater.go:701.2,701.36 1 0
github.com/airbusgeo/geocube/internal/svc/consolidater.go:663.35,664.53 1 0
github.com/airbusgeo/geocube/internal/svc/consolidater.go:664.53,667.4 2 0
github.com/airbusgeo/geocube/internal/svc/consolidater.go:671.16,673.3 1 0
github.com/airbusgeo/geocube/internal/svc/consolidater.go:674.23,677.3 2 0
github.com/airbusgeo/geocube/internal/svc/consolidater.go:680.35,682.77 2 0
github.com/airbusgeo/geocube/internal/svc/consolidater.go:682.77,683.18 1 0
github.com/airbusgeo/geocube/internal/svc/consolidater.go:686.4,686.25 1 0
github.com/airbusgeo/geocube/internal/svc/consolidater.go:683.18,685.5 1 0
github.com/airbusgeo/geocube/internal/svc/consolidater.go:686.25,688.5 1 0
github.com/airbusgeo/geocube/internal/svc/consolidater.go:688.10,690.5 1 0
github.com/airbusgeo/geocube/internal/svc/consolidater.go:695.39,696.63 1 0
github.com/airbusgeo/geocube/internal/svc/consolidater.go:696.63,698.4 1 0
github.com/airbusgeo/geocube/internal/svc/consolidater.go:707.106,708.33 1 0
github.com/airbusgeo/geocube/internal/svc/consolidater.go:738.2,738.12 1 0
github.com/airbusgeo/geocube/internal/svc/consolidater.go:708.33,709.42 1 0
github.com/airbusgeo/geocube/internal/svc/consolidater.go:709.42,711.18 2 0
github.com/airbusgeo/geocube/internal/svc/consolidater.go:715.4,715.115 1 0
github.com/airbusgeo/geocube/internal/svc/consolidater.go:724.4,725.18 2 0
github.com/airbusgeo/geocube/internal/svc/consolidater.go:728.4,728.51 1 0
github.com/airbusgeo/geocube/internal/svc/consolidater.go:732.4,733.52 2 0
github.com/airbusgeo/geocube/internal/svc/consolidater.go:711.18,713.5 1 0
github.com/airbusgeo/geocube/internal/svc/consolidater.go:715.115,716.19 1 0
github.com/airbusgeo/geocube/internal/svc/consolidater.go:720.5,721.13 2 0
github.com/airbusgeo/geocube/internal/svc/consolidater.go:716.19,718.6 1 0
github.com/airbusgeo/geocube/internal/svc/consolidater.go:725.18,727.5 1 0
github.com/airbusgeo/geocube/internal/svc/consolidater.go:728.51,730.5 1 0
github.com/airbusgeo/geocube/internal/svc/consolidater.go:733.52,735.5 1 0
github.com/airbusgeo/geocube/internal/svc/consolidater.go:741.83,745.2 2 0
github.com/airbusgeo/geocube/internal/svc/consolidater.go:747.77,750.26 2 1
github.com/airbusgeo/geocube/internal/svc/consolidater.go:754.2,755.111 2 1
github.com/airbusgeo/geocube/internal/svc/consolidater.go:759.2,759.41 1 1
github.com/airbusgeo/geocube/internal/svc/consolidater.go:777.2,777.65 1 1
github.com/airbusgeo/geocube/internal/svc/consolidater.go:750.26,752.3 1 0
github.com/airbusgeo/geocube/internal/svc/consolidater.go:755.111,757.3 1 0
github.com/airbusgeo/geocube/internal/svc/consolidater.go:759.41,765.17 4 2
github.com/airbusgeo/geocube/internal/svc/consolidater.go:769.3,769.59 1 2
github.com/airbusgeo/geocube/internal/svc/consolidater.go:773.3,773.51 1 2
github.com/airbusgeo/geocube/internal/svc/consolidater.go:765.17,767.4 1 0
github.com/airbusgeo/geocube/internal/svc/consolidater.go:769.59,771.4 1 0
github.com/airbusgeo/geocube/internal/svc/consolidater.go:773.51,775.4 1 0
github.com/airbusgeo/geocube/internal/svc/consolidater.go:780.76,785.110 3 0
github.com/airbusgeo/geocube/internal/svc/consolidater.go:789.2,790.50 2 0
github.com/airbusgeo/geocube/internal/svc/consolidater.go:793.2,793.76 1 0
github.com/airbusgeo/geocube/internal/svc/consolidater.go:785.110,787.3 1 0
github.com/airbusgeo/geocube/internal/svc/consolidater.go:790.50,792.3 1 0
github.com/airbusgeo/geocube/internal/svc/consolidater.go:797.79,799.57 2 0
github.com/airbusgeo/geocube/internal/svc/consolidater.go:802.2,802.61 1 0
github.com/airbusgeo/geocube/internal/svc/consolidater.go:799.57,801.3 1 0
github.com/airbusgeo/geocube/internal/svc/consolidater.go:805.85,809.69 2 0
github.com/airbusgeo/geocube/internal/svc/consolidater.go:832.2,832.77 1 0
github.com/airbusgeo/geocube/internal/svc/consolidater.go:837.2,844.50 4 0
github.com/airbusgeo/geocube/internal/svc/consolidater.go:848.2,848.12 1 0
github.com/airbusgeo/geocube/internal/svc/consolidater.go:809.69,811.3 1 0
github.com/airbusgeo/geocube/internal/svc/consolidater.go:817.2,819.17 2 0
github.com/airbusgeo/geocube/internal/svc/consolidater.go:822.3,822.20 1 0
github.com/airbusgeo/geocube/internal/svc/consolidater.go:819.17,821.4 1 0
github.com/airbusgeo/geocube/internal/svc/consolidater.go:822.20,824.31 2 0
github.com/airbusgeo/geocube/internal/svc/consolidater.go:827.4,827.64 1 0
github.com/airbusgeo/geocube/internal/svc/consolidater.go:824.31,826.5 1 0
github.com/airbusgeo/geocube/internal/svc/consolidater.go:832.77,834.3 1 0
github.com/airbusgeo/geocube/internal/svc/consolidater.go:844.50,846.3 1 0
github.com/airbusgeo/geocube/internal/svc/consolidater.go:851.118,857.16 4 1
github.com/airbusgeo/geocube/internal/svc/consolidater.go:861.2,861.46 1 1
github.com/airbusgeo/geocube/internal/svc/consolidater.go:857.16,858.35 1 0
