mode: set
github.com/airbusgeo/geocube/interface/storage/gcs/utils.go:12.61,14.42 2 1
github.com/airbusgeo/geocube/interface/storage/gcs/utils.go:17.2,17.8 1 1
github.com/airbusgeo/geocube/interface/storage/gcs/utils.go:14.42,16.3 1 1
github.com/airbusgeo/geocube/interface/storage/gcs/utils.go:20.50,21.39 1 1
github.com/airbusgeo/geocube/interface/storage/gcs/utils.go:26.2,27.22 2 1
github.com/airbusgeo/geocube/interface/storage/gcs/utils.go:34.2,34.8 1 1
github.com/airbusgeo/geocube/interface/storage/gcs/utils.go:21.39,23.3 1 1
github.com/airbusgeo/geocube/interface/storage/gcs/utils.go:23.8,25.3 1 1
github.com/airbusgeo/geocube/interface/storage/gcs/utils.go:27.22,30.3 2 1
github.com/airbusgeo/geocube/interface/storage/gcs/utils.go:30.8,33.3 2 1
github.com/airbusgeo/geocube/interface/storage/gcs/strategy.go:32.31,33.16 1 0
github.com/airbusgeo/geocube/interface/storage/gcs/strategy.go:39.2,39.66 1 0
github.com/airbusgeo/geocube/interface/storage/gcs/strategy.go:46.2,46.43 1 0
github.com/airbusgeo/geocube/interface/storage/gcs/strategy.go:49.2,49.12 1 0
github.com/airbusgeo/geocube/interface/storage/gcs/strategy.go:33.16,35.3 1 0
github.com/airbusgeo/geocube/interface/storage/gcs/strategy.go:39.66,40.122 1 0
github.com/airbusgeo/geocube/interface/storage/gcs/strategy.go:40.122,42.4 1 0
github.com/airbusgeo/geocube/interface/storage/gcs/strategy.go:46.43,48.3 1 0
github.com/airbusgeo/geocube/interface/storage/gcs/strategy.go:52.74,56.16 3 0
github.com/airbusgeo/geocube/interface/storage/gcs/strategy.go:60.2,62.8 1 0
github.com/airbusgeo/geocube/interface/storage/gcs/strategy.go:56.16,58.3 1 0
github.com/airbusgeo/geocube/interface/storage/gcs/strategy.go:65.113,67.16 2 0
github.com/airbusgeo/geocube/interface/storage/gcs/strategy.go:71.2,71.56 1 0
github.com/airbusgeo/geocube/interface/storage/gcs/strategy.go:67.16,69.3 1 0
github.com/airbusgeo/geocube/interface/storage/gcs/strategy.go:74.125,76.16 2 0
github.com/airbusgeo/geocube/interface/storage/gcs/strategy.go:80.2,80.70 1 0
github.com/airbusgeo/geocube/interface/storage/gcs/strategy.go:86.2,87.16 2 0
github.com/airbusgeo/geocube/interface/storage/gcs/strategy.go:91.2,91.81 1 0
github.com/airbusgeo/geocube/interface/storage/gcs/strategy.go:96.2,97.16 2 0
github.com/airbusgeo/geocube/interface/storage/gcs/strategy.go:101.2,101.12 1 0
github.com/airbusgeo/geocube/interface/storage/gcs/strategy.go:76.16,78.3 1 0
github.com/airbusgeo/geocube/interface/storage/gcs/strategy.go:80.70,81.77 1 0
github.com/airbusgeo/geocube/interface/storage/gcs/strategy.go:81.77,83.4 1 0
github.com/airbusgeo/geocube/interface/storage/gcs/strategy.go:87.16,89.3 1 0
github.com/airbusgeo/geocube/interface/storage/gcs/strategy.go:91.81,94.3 2 0
github.com/airbusgeo/geocube/interface/storage/gcs/strategy.go:97.16,99.3 1 0
github.com/airbusgeo/geocube/interface/storage/gcs/strategy.go:104.114,106.16 2 0
github.com/airbusgeo/geocube/interface/storage/gcs/strategy.go:110.2,110.62 1 0
github.com/airbusgeo/geocube/interface/storage/gcs/strategy.go:106.16,108.3 1 0
github.com/airbusgeo/geocube/interface/storage/gcs/strategy.go:113.125,115.16 2 0
github.com/airbusgeo/geocube/interface/storage/gcs/strategy.go:119.2,121.29 3 0
github.com/airbusgeo/geocube/interface/storage/gcs/strategy.go:124.2,125.16 2 0
github.com/airbusgeo/geocube/interface/storage/gcs/strategy.go:130.2,131.16 2 0
github.com/airbusgeo/geocube/interface/storage/gcs/strategy.go:135.2,135.12 1 0
github.com/airbusgeo/geocube/interface/storage/gcs/strategy.go:115.16,117.3 1 0
github.com/airbusgeo/geocube/interface/storage/gcs/strategy.go:121.29,123.3 1 0
github.com/airbusgeo/geocube/interface/storage/gcs/strategy.go:125.16,129.3 2 0
github.com/airbusgeo/geocube/interface/storage/gcs/strategy.go:131.16,133.3 1 0
github.com/airbusgeo/geocube/interface/storage/gcs/strategy.go:138.101,140.16 2 0
github.com/airbusgeo/geocube/interface/storage/gcs/strategy.go:144.2,144.56 1 0
github.com/airbusgeo/geocube/interface/storage/gcs/strategy.go:140.16,142.3 1 0
github.com/airbusgeo/geocube/interface/storage/gcs/strategy.go:147.74,149.16 2 0
github.com/airbusgeo/geocube/interface/storage/gcs/strategy.go:153.2,153.78 1 0
github.com/airbusgeo/geocube/interface/storage/gcs/strategy.go:164.2,164.18 1 0
github.com/airbusgeo/geocube/interface/storage/gcs/strategy.go:149.16,151.3 1 0
github.com/airbusgeo/geocube/interface/storage/gcs/strategy.go:153.78,154.14 1 0
github.com/airbusgeo/geocube/interface/storage/gcs/strategy.go:155.34,156.57 1 0
github.com/airbusgeo/geocube/interface/storage/gcs/strategy.go:157.34,158.57 1 0
github.com/airbusgeo/geocube/interface/storage/gcs/strategy.go:159.11,160.90 1 0
github.com/airbusgeo/geocube/interface/storage/gcs/strategy.go:167.93,169.16 2 0
github.com/airbusgeo/geocube/interface/storage/gcs/strategy.go:173.2,174.38 2 0
github.com/airbusgeo/geocube/interface/storage/gcs/strategy.go:180.2,183.8 1 0
github.com/airbusgeo/geocube/interface/storage/gcs/strategy.go:169.16,171.3 1 0
github.com/airbusgeo/geocube/interface/storage/gcs/strategy.go:174.38,176.3 1 0
github.com/airbusgeo/geocube/interface/storage/gcs/strategy.go:176.8,176.23 1 0
github.com/airbusgeo/geocube/interface/storage/gcs/strategy.go:176.23,178.3 1 0
github.com/airbusgeo/geocube/interface/storage/gcs/strategy.go:186.89,188.16 2 0
github.com/airbusgeo/geocube/interface/storage/gcs/strategy.go:192.2,192.26 1 0
github.com/airbusgeo/geocube/interface/storage/gcs/strategy.go:188.16,190.3 1 0
github.com/airbusgeo/geocube/interface/storage/gcs/strategy.go:195.125,198.16 3 0
github.com/airbusgeo/geocube/interface/storage/gcs/strategy.go:201.2,201.25 1 0
github.com/airbusgeo/geocube/interface/storage/gcs/strategy.go:198.16,200.3 1 0
github.com/airbusgeo/geocube/interface/storage/gcs/strategy.go:204.127,211.41 7 0
github.com/airbusgeo/geocube/interface/storage/gcs/strategy.go:245.2,245.12 1 0
github.com/airbusgeo/geocube/interface/storage/gcs/strategy.go:211.41,212.14 1 0
github.com/airbusgeo/geocube/interface/storage/gcs/strategy.go:216.3,218.17 3 0
github.com/airbusgeo/geocube/interface/storage/gcs/strategy.go:227.3,230.17 4 0
github.com/airbusgeo/geocube/interface/storage/gcs/strategy.go:243.3,243.8 1 0
github.com/airbusgeo/geocube/interface/storage/gcs/strategy.go:212.14,215.4 2 0
github.com/airbusgeo/geocube/interface/storage/gcs/strategy.go:218.17,220.28 2 0
github.com/airbusgeo/geocube/interface/storage/gcs/strategy.go:220.28,221.13 1 0
github.com/airbusgeo/geocube/interface/storage/gcs/strategy.go:222.10,224.5 1 0
github.com/airbusgeo/geocube/interface/storage/gcs/strategy.go:230.17,232.28 2 0
github.com/airbusgeo/geocube/interface/storage/gcs/strategy.go:232.28,234.27 2 0
github.com/airbusgeo/geocube/interface/storage/gcs/strategy.go:237.5,237.13 1 0
github.com/airbusgeo/geocube/interface/storage/gcs/strategy.go:234.27,236.6 1 0
github.com/airbusgeo/geocube/interface/storage/gcs/strategy.go:238.10,240.5 1 0
github.com/airbusgeo/geocube/interface/storage/gcs/strategy.go:248.128,251.2 2 0
github.com/airbusgeo/geocube/interface/storage/gcs/strategy.go:253.136,259.41 6 0
github.com/airbusgeo/geocube/interface/storage/gcs/strategy.go:298.2,298.12 1 0
github.com/airbusgeo/geocube/interface/storage/gcs/strategy.go:259.41,260.14 1 0
github.com/airbusgeo/geocube/interface/storage/gcs/strategy.go:273.3,274.28 2 0
github.com/airbusgeo/geocube/interface/storage/gcs/strategy.go:277.3,278.17 2 0
github.com/airbusgeo/geocube/interface/storage/gcs/strategy.go:287.3,288.17 2 0
github.com/airbusgeo/geocube/interface/storage/gcs/strategy.go:296.3,296.8 1 0
github.com/airbusgeo/geocube/interface/storage/gcs/strategy.go:260.14,264.18 4 0
github.com/airbusgeo/geocube/interface/storage/gcs/strategy.go:264.18,266.29 2 0
github.com/airbusgeo/geocube/interface/storage/gcs/strategy.go:266.29,267.14 1 0
github.com/airbusgeo/geocube/interface/storage/gcs/strategy.go:268.11,270.6 1 0
github.com/airbusgeo/geocube/interface/storage/gcs/strategy.go:274.28,276.4 1 0
github.com/airbusgeo/geocube/interface/storage/gcs/strategy.go:278.17,281.28 3 0
github.com/airbusgeo/geocube/interface/storage/gcs/strategy.go:281.28,282.13 1 0
github.com/airbusgeo/geocube/interface/storage/gcs/strategy.go:283.10,285.5 1 0
github.com/airbusgeo/geocube/interface/storage/gcs/strategy.go:288.17,290.28 2 0
github.com/airbusgeo/geocube/interface/storage/gcs/strategy.go:290.28,291.13 1 0
github.com/airbusgeo/geocube/interface/storage/gcs/strategy.go:292.10,294.5 1 0
github.com/airbusgeo/geocube/interface/storage/gcs/strategy.go:301.115,305.41 4 0
github.com/airbusgeo/geocube/interface/storage/gcs/strategy.go:322.2,322.12 1 0
github.com/airbusgeo/geocube/interface/storage/gcs/strategy.go:305.41,306.14 1 0
github.com/airbusgeo/geocube/interface/storage/gcs/strategy.go:310.3,311.17 2 0
github.com/airbusgeo/geocube/interface/storage/gcs/strategy.go:320.3,320.8 1 0
github.com/airbusgeo/geocube/interface/storage/gcs/strategy.go:306.14,309.4 2 0
github.com/airbusgeo/geocube/interface/storage/gcs/strategy.go:311.17,313.28 2 0
github.com/airbusgeo/geocube/interface/storage/gcs/strategy.go:313.28,314.13 1 0
github.com/airbusgeo/geocube/interface/storage/gcs/strategy.go:315.10,317.5 1 0
github.com/airbusgeo/geocube/internal/log/logger.go:22.19,25.2 2 1
github.com/airbusgeo/geocube/internal/log/logger.go:27.13,29.2 1 1
github.com/airbusgeo/geocube/internal/log/logger.go:31.31,33.2 1 1
github.com/airbusgeo/geocube/internal/log/logger.go:34.20,36.2 1 1
github.com/airbusgeo/geocube/internal/log/logger.go:39.19,45.13 5 1
github.com/airbusgeo/geocube/internal/log/logger.go:51.2,56.45 6 1
github.com/airbusgeo/geocube/internal/log/logger.go:64.2,66.16 3 1
github.com/airbusgeo/geocube/internal/log/logger.go:69.2,69.25 1 1
github.com/airbusgeo/geocube/internal/log/logger.go:45.13,48.3 1 0
github.com/airbusgeo/geocube/internal/log/logger.go:48.8,50.3 1 1
github.com/airbusgeo/geocube/internal/log/logger.go:56.45,58.17 2 0
github.com/airbusgeo/geocube/internal/log/logger.go:58.17,60.4 1 0
github.com/airbusgeo/geocube/internal/log/logger.go:61.8,63.3 1 1
github.com/airbusgeo/geocube/internal/log/logger.go:66.16,67.13 1 0
github.com/airbusgeo/geocube/internal/log/logger.go:72.66,74.2 1 0
github.com/airbusgeo/geocube/internal/log/logger.go:77.16,90.45 12 0
github.com/airbusgeo/geocube/internal/log/logger.go:98.2,100.16 3 0
github.com/airbusgeo/geocube/internal/log/logger.go:103.2,103.25 1 0
github.com/airbusgeo/geocube/internal/log/logger.go:90.45,92.17 2 0
github.com/airbusgeo/geocube/internal/log/logger.go:92.17,94.4 1 0
github.com/airbusgeo/geocube/internal/log/logger.go:95.8,97.3 1 0
github.com/airbusgeo/geocube/internal/log/logger.go:100.16,101.13 1 0
github.com/airbusgeo/geocube/internal/log/logger.go:107.46,109.17 2 1
github.com/airbusgeo/geocube/internal/log/logger.go:113.2,113.22 1 1
github.com/airbusgeo/geocube/internal/log/logger.go:109.17,112.3 2 1
github.com/airbusgeo/geocube/internal/log/logger.go:117.79,120.2 2 1
github.com/airbusgeo/geocube/internal/log/logger.go:124.76,125.56 1 1
github.com/airbusgeo/geocube/internal/log/logger.go:125.56,127.59 2 1
github.com/airbusgeo/geocube/internal/log/logger.go:130.3,130.56 1 1
github.com/airbusgeo/geocube/internal/log/logger.go:127.59,129.4 1 1
github.com/airbusgeo/geocube/internal/log/logger.go:131.8,133.3 1 1
github.com/airbusgeo/geocube/internal/log/logger.go:137.79,140.17 3 1
github.com/airbusgeo/geocube/internal/log/logger.go:143.2,144.56 2 1
github.com/airbusgeo/geocube/internal/log/logger.go:140.17,142.3 1 1
github.com/airbusgeo/geocube/internal/log/logger.go:148.30,150.2 1 0
github.com/airbusgeo/geocube/internal/log/logger.go:153.46,155.2 1 0
github.com/airbusgeo/geocube/internal/log/logger.go:157.32,159.2 1 0
github.com/airbusgeo/geocube/internal/log/logger.go:161.30,163.2 1 0
github.com/airbusgeo/geocube/internal/log/logger.go:164.46,166.2 1 0
github.com/airbusgeo/geocube/internal/log/logger.go:168.30,170.2 1 0
github.com/airbusgeo/geocube/internal/log/logger.go:172.43,174.2 1 0
github.com/airbusgeo/geocube/internal/utils/utils.go:10.31,12.2 1 0
github.com/airbusgeo/geocube/internal/utils/utils.go:16.41,18.23 2 0
github.com/airbusgeo/geocube/internal/utils/utils.go:21.2,21.30 1 0
github.com/airbusgeo/geocube/internal/utils/utils.go:18.23,20.3 1 0
github.com/airbusgeo/geocube/internal/utils/utils.go:26.37,28.23 2 0
github.com/airbusgeo/geocube/internal/utils/utils.go:33.2,33.11 1 0
github.com/airbusgeo/geocube/internal/utils/utils.go:28.23,29.13 1 0
github.com/airbusgeo/geocube/internal/utils/utils.go:29.13,31.4 1 0
github.com/airbusgeo/geocube/internal/utils/utils.go:38.37,40.23 2 0
github.com/airbusgeo/geocube/internal/utils/utils.go:45.2,45.11 1 0
github.com/airbusgeo/geocube/internal/utils/utils.go:40.23,41.13 1 0
github.com/airbusgeo/geocube/internal/utils/utils.go:41.13,43.4 1 0
github.com/airbusgeo/geocube/internal/utils/utils.go:49.25,50.11 1 0
github.com/airbusgeo/geocube/internal/utils/utils.go:53.2,53.10 1 0
github.com/airbusgeo/geocube/internal/utils/utils.go:50.11,52.3 1 0
github.com/airbusgeo/geocube/internal/utils/utils.go:57.25,58.11 1 0
github.com/airbusgeo/geocube/internal/utils/utils.go:61.2,61.10 1 0
github.com/airbusgeo/geocube/internal/utils/utils.go:58.11,60.3 1 0
github.com/airbusgeo/geocube/internal/utils/utils.go:67.79,69.23 2 0
github.com/airbusgeo/geocube/internal/utils/utils.go:73.2,76.28 4 0
github.com/airbusgeo/geocube/internal/utils/utils.go:80.2,80.17 1 0
github.com/airbusgeo/geocube/internal/utils/utils.go:69.23,71.3 1 0
github.com/airbusgeo/geocube/internal/utils/utils.go:76.28,78.3 1 0
github.com/airbusgeo/geocube/internal/utils/errors.go:15.34,15.49 1 1
github.com/airbusgeo/geocube/internal/utils/errors.go:16.34,16.52 1 0
github.com/airbusgeo/geocube/internal/utils/errors.go:18.37,20.2 1 1
github.com/airbusgeo/geocube/internal/utils/errors.go:23.32,25.27 2 1
github.com/airbusgeo/geocube/internal/utils/errors.go:30.2,31.28 2 1
github.com/airbusgeo/geocube/internal/utils/errors.go:38.2,39.26 2 1
github.com/airbusgeo/geocube/internal/utils/errors.go:42.2,43.32 2 1
github.com/airbusgeo/geocube/internal/utils/errors.go:46.2,46.38 1 1
github.com/airbusgeo/geocube/internal/utils/errors.go:49.2,49.46 1 1
github.com/airbusgeo/geocube/internal/utils/errors.go:52.2,52.14 1 1
github.com/airbusgeo/geocube/internal/utils/errors.go:25.27,27.3 1 0
github.com/airbusgeo/geocube/internal/utils/errors.go:31.28,32.16 1 0
github.com/airbusgeo/geocube/internal/utils/errors.go:33.127,34.15 1 0
github.com/airbusgeo/geocube/internal/utils/errors.go:39.26,41.3 1 1
github.com/airbusgeo/geocube/internal/utils/errors.go:43.32,45.3 1 0
github.com/airbusgeo/geocube/internal/utils/errors.go:46.38,48.3 1 0
github.com/airbusgeo/geocube/internal/utils/errors.go:49.46,51.3 1 0
github.com/airbusgeo/geocube/internal/utils/grpcauth.go:27.102,31.2 1 0
github.com/airbusgeo/geocube/internal/utils/grpcauth.go:34.50,37.2 1 0
github.com/airbusgeo/geocube/internal/utils/grpcauth.go:40.53,41.44 1 0
github.com/airbusgeo/geocube/internal/utils/grpcauth.go:45.2,45.55 1 0
github.com/airbusgeo/geocube/internal/utils/grpcauth.go:48.2,48.12 1 0
github.com/airbusgeo/geocube/internal/utils/grpcauth.go:41.44,43.3 1 0
github.com/airbusgeo/geocube/internal/utils/grpcauth.go:45.55,47.3 1 0
github.com/airbusgeo/geocube/internal/utils/slice.go:14.52,18.2 3 1
github.com/airbusgeo/geocube/internal/utils/slice.go:20.39,22.14 2 1
github.com/airbusgeo/geocube/internal/utils/slice.go:25.2,25.14 1 1
github.com/airbusgeo/geocube/internal/utils/slice.go:22.14,23.56 1 0
github.com/airbusgeo/geocube/internal/utils/slice.go:29.43,33.2 3 0
github.com/airbusgeo/geocube/internal/utils/slice.go:36.43,40.2 3 0
github.com/airbusgeo/geocube/internal/utils/slice.go:43.39,47.2 3 0
github.com/airbusgeo/geocube/internal/utils/slice.go:50.41,54.2 3 0
github.com/airbusgeo/geocube/internal/utils/slice.go:57.41,61.2 3 0
github.com/airbusgeo/geocube/internal/utils/slice.go:64.45,68.2 3 1
github.com/airbusgeo/geocube/internal/utils/slice.go:71.45,75.2 3 0
github.com/airbusgeo/geocube/internal/utils/slice.go:78.49,82.2 3 0
github.com/airbusgeo/geocube/internal/utils/slice.go:85.43,91.2 5 1
github.com/airbusgeo/geocube/internal/utils/slice.go:94.41,96.22 1 0
github.com/airbusgeo/geocube/internal/utils/slice.go:99.2,99.22 1 0
github.com/airbusgeo/geocube/internal/utils/slice.go:104.2,104.13 1 0
github.com/airbusgeo/geocube/internal/utils/slice.go:96.22,98.3 1 0
github.com/airbusgeo/geocube/internal/utils/slice.go:99.22,100.16 1 0
github.com/airbusgeo/geocube/internal/utils/slice.go:100.16,102.4 1 0
github.com/airbusgeo/geocube/internal/utils/slice.go:108.45,110.22 1 0
github.com/airbusgeo/geocube/internal/utils/slice.go:113.2,113.22 1 0
github.com/airbusgeo/geocube/internal/utils/slice.go:118.2,118.13 1 0
github.com/airbusgeo/geocube/internal/utils/slice.go:110.22,112.3 1 0
github.com/airbusgeo/geocube/internal/utils/slice.go:113.22,114.16 1 0
github.com/airbusgeo/geocube/internal/utils/slice.go:114.16,116.4 1 0
github.com/airbusgeo/geocube/internal/utils/slice.go:122.50,124.26 2 0
github.com/airbusgeo/geocube/internal/utils/slice.go:127.2,127.36 1 0
github.com/airbusgeo/geocube/internal/utils/slice.go:124.26,126.3 1 0
github.com/airbusgeo/geocube/internal/utils/slice.go:134.36,136.2 1 1
github.com/airbusgeo/geocube/internal/utils/slice.go:139.35,141.2 1 1
github.com/airbusgeo/geocube/internal/utils/slice.go:144.38,146.20 2 1
github.com/airbusgeo/geocube/internal/utils/slice.go:149.2,149.11 1 1
github.com/airbusgeo/geocube/internal/utils/slice.go:146.20,148.3 1 1
github.com/airbusgeo/geocube/internal/utils/slice.go:153.43,156.2 2 1
github.com/airbusgeo/geocube/internal/geocube/container.go:32.70,39.37 2 0
github.com/airbusgeo/geocube/internal/geocube/container.go:42.2,42.16 1 0
github.com/airbusgeo/geocube/internal/geocube/container.go:39.37,41.3 1 0
github.com/airbusgeo/geocube/internal/geocube/container.go:47.84,55.36 3 0
github.com/airbusgeo/geocube/internal/geocube/container.go:58.2,58.16 1 0
github.com/airbusgeo/geocube/internal/geocube/container.go:55.36,57.3 1 0
github.com/airbusgeo/geocube/internal/geocube/container.go:61.37,64.2 1 0
github.com/airbusgeo/geocube/internal/geocube/container.go:67.37,68.9 1 0
github.com/airbusgeo/geocube/internal/geocube/container.go:73.2,73.28 1 0
github.com/airbusgeo/geocube/internal/geocube/container.go:68.9,69.32 1 0
github.com/airbusgeo/geocube/internal/geocube/container.go:69.32,71.4 1 0
github.com/airbusgeo/geocube/internal/geocube/container.go:77.36,78.15 1 0
github.com/airbusgeo/geocube/internal/geocube/container.go:81.2,81.32 1 0
github.com/airbusgeo/geocube/internal/geocube/container.go:84.2,85.12 2 0
github.com/airbusgeo/geocube/internal/geocube/container.go:78.15,80.3 1 0
github.com/airbusgeo/geocube/internal/geocube/container.go:81.32,83.3 1 0
github.com/airbusgeo/geocube/internal/geocube/container.go:89.70,90.16 1 0
github.com/airbusgeo/geocube/internal/geocube/container.go:93.2,94.12 2 0
github.com/airbusgeo/geocube/internal/geocube/container.go:90.16,92.3 1 0
github.com/airbusgeo/geocube/internal/geocube/container.go:97.40,98.23 1 0
github.com/airbusgeo/geocube/internal/geocube/container.go:105.2,105.14 1 0
github.com/airbusgeo/geocube/internal/geocube/container.go:98.23,99.24 1 0
github.com/airbusgeo/geocube/internal/geocube/container.go:99.24,100.16 1 0
github.com/airbusgeo/geocube/internal/geocube/container.go:100.16,102.5 1 0
github.com/airbusgeo/geocube/internal/geocube/container.go:111.50,112.16 1 0
github.com/airbusgeo/geocube/internal/geocube/container.go:116.2,116.37 1 0
github.com/airbusgeo/geocube/internal/geocube/container.go:128.2,130.12 2 0
github.com/airbusgeo/geocube/internal/geocube/container.go:112.16,114.3 1 0
github.com/airbusgeo/geocube/internal/geocube/container.go:116.37,117.93 1 0
github.com/airbusgeo/geocube/internal/geocube/container.go:117.93,119.30 1 0
github.com/airbusgeo/geocube/internal/geocube/container.go:122.4,124.137 2 0
github.com/airbusgeo/geocube/internal/geocube/container.go:119.30,121.5 1 0
github.com/airbusgeo/geocube/internal/geocube/container.go:136.67,137.37 1 0
github.com/airbusgeo/geocube/internal/geocube/container.go:143.2,143.106 1 0
github.com/airbusgeo/geocube/internal/geocube/container.go:137.37,138.30 1 0
github.com/airbusgeo/geocube/internal/geocube/container.go:138.30,141.4 2 0
github.com/airbusgeo/geocube/internal/geocube/container.go:148.44,150.31 2 0
github.com/airbusgeo/geocube/internal/geocube/container.go:155.2,155.10 1 0
github.com/airbusgeo/geocube/internal/geocube/container.go:150.31,151.19 1 0
github.com/airbusgeo/geocube/internal/geocube/container.go:151.19,153.4 1 0
github.com/airbusgeo/geocube/internal/geocube/container.go:159.55,160.28 1 0
github.com/airbusgeo/geocube/internal/geocube/container.go:170.2,170.81 1 0
github.com/airbusgeo/geocube/internal/geocube/container.go:161.30,162.35 1 0
github.com/airbusgeo/geocube/internal/geocube/container.go:163.18,164.37 1 0
github.com/airbusgeo/geocube/internal/geocube/container.go:165.18,166.34 1 0
github.com/airbusgeo/geocube/internal/geocube/container.go:167.17,168.38 1 0
github.com/airbusgeo/geocube/internal/geocube/dtype_enumer.go:16.32,17.45 1 0
github.com/airbusgeo/geocube/internal/geocube/dtype_enumer.go:20.2,20.52 1 0
github.com/airbusgeo/geocube/internal/geocube/dtype_enumer.go:17.45,19.3 1 0
github.com/airbusgeo/geocube/internal/geocube/dtype_enumer.go:40.43,41.44 1 0
github.com/airbusgeo/geocube/internal/geocube/dtype_enumer.go:44.2,44.63 1 0
github.com/airbusgeo/geocube/internal/geocube/dtype_enumer.go:41.44,43.3 1 0
github.com/airbusgeo/geocube/internal/geocube/dtype_enumer.go:48.28,50.2 1 0
github.com/airbusgeo/geocube/internal/geocube/dtype_enumer.go:53.32,54.33 1 0
github.com/airbusgeo/geocube/internal/geocube/dtype_enumer.go:59.2,59.14 1 0
github.com/airbusgeo/geocube/internal/geocube/dtype_enumer.go:54.33,55.13 1 0
github.com/airbusgeo/geocube/internal/geocube/dtype_enumer.go:55.13,57.4 1 0
github.com/airbusgeo/geocube/internal/geocube/dtype_enumer.go:63.46,65.2 1 0
github.com/airbusgeo/geocube/internal/geocube/dtype_enumer.go:68.50,70.49 2 0
github.com/airbusgeo/geocube/internal/geocube/dtype_enumer.go:74.2,76.12 3 0
github.com/airbusgeo/geocube/internal/geocube/dtype_enumer.go:70.49,72.3 1 0
github.com/airbusgeo/geocube/internal/geocube/dtype_enumer.go:79.46,81.2 1 0
github.com/airbusgeo/geocube/internal/geocube/dtype_enumer.go:83.47,84.18 1 0
github.com/airbusgeo/geocube/internal/geocube/dtype_enumer.go:88.2,89.9 2 0
github.com/airbusgeo/geocube/internal/geocube/dtype_enumer.go:98.2,99.16 2 0
github.com/airbusgeo/geocube/internal/geocube/dtype_enumer.go:103.2,104.12 2 0
github.com/airbusgeo/geocube/internal/geocube/dtype_enumer.go:84.18,86.3 1 0
github.com/airbusgeo/geocube/internal/geocube/dtype_enumer.go:89.9,91.10 2 0
github.com/airbusgeo/geocube/internal/geocube/dtype_enumer.go:95.3,95.25 1 0
github.com/airbusgeo/geocube/internal/geocube/dtype_enumer.go:91.10,93.4 1 0
github.com/airbusgeo/geocube/internal/geocube/dtype_enumer.go:99.16,101.3 1 0
github.com/airbusgeo/geocube/internal/geocube/jobstate_enumer.go:16.35,17.51 1 0
github.com/airbusgeo/geocube/internal/geocube/jobstate_enumer.go:20.2,20.61 1 0
github.com/airbusgeo/geocube/internal/geocube/jobstate_enumer.go:17.51,19.3 1 0
github.com/airbusgeo/geocube/internal/geocube/jobstate_enumer.go:45.49,46.47 1 0
github.com/airbusgeo/geocube/internal/geocube/jobstate_enumer.go:49.2,49.66 1 0
github.com/airbusgeo/geocube/internal/geocube/jobstate_enumer.go:46.47,48.3 1 0
github.com/airbusgeo/geocube/internal/geocube/jobstate_enumer.go:53.34,55.2 1 0
github.com/airbusgeo/geocube/internal/geocube/jobstate_enumer.go:58.38,59.36 1 0
github.com/airbusgeo/geocube/internal/geocube/jobstate_enumer.go:64.2,64.14 1 0
github.com/airbusgeo/geocube/internal/geocube/jobstate_enumer.go:59.36,60.13 1 0
github.com/airbusgeo/geocube/internal/geocube/jobstate_enumer.go:60.13,62.4 1 0
github.com/airbusgeo/geocube/internal/geocube/jobstate_enumer.go:68.49,70.2 1 0
github.com/airbusgeo/geocube/internal/geocube/jobstate_enumer.go:73.53,75.49 2 0
github.com/airbusgeo/geocube/internal/geocube/jobstate_enumer.go:79.2,81.12 3 0
github.com/airbusgeo/geocube/internal/geocube/jobstate_enumer.go:75.49,77.3 1 0
github.com/airbusgeo/geocube/internal/geocube/jobstate_enumer.go:84.49,86.2 1 0
github.com/airbusgeo/geocube/internal/geocube/jobstate_enumer.go:88.50,89.18 1 0
github.com/airbusgeo/geocube/internal/geocube/jobstate_enumer.go:93.2,94.9 2 0
github.com/airbusgeo/geocube/internal/geocube/jobstate_enumer.go:103.2,104.16 2 0
github.com/airbusgeo/geocube/internal/geocube/jobstate_enumer.go:108.2,109.12 2 0
github.com/airbusgeo/geocube/internal/geocube/jobstate_enumer.go:89.18,91.3 1 0
github.com/airbusgeo/geocube/internal/geocube/jobstate_enumer.go:94.9,96.10 2 0
github.com/airbusgeo/geocube/internal/geocube/jobstate_enumer.go:100.3,100.25 1 0
github.com/airbusgeo/geocube/internal/geocube/jobstate_enumer.go:96.10,98.4 1 0
github.com/airbusgeo/geocube/internal/geocube/jobstate_enumer.go:104.16,106.3 1 0
github.com/airbusgeo/geocube/internal/geocube/urn.go:13.45,14.27 1 0
github.com/airbusgeo/geocube/internal/geocube/urn.go:23.2,23.56 1 0
github.com/airbusgeo/geocube/internal/geocube/urn.go:15.14,17.13 2 0
github.com/airbusgeo/geocube/internal/geocube/urn.go:18.14,20.13 2 0
github.com/airbusgeo/geocube/internal/geocube/urn.go:27.46,29.2 1 0
github.com/airbusgeo/geocube/internal/geocube/urn.go:31.32,34.2 2 1
github.com/airbusgeo/geocube/internal/geocube/urn.go:37.29,39.2 1 0
github.com/airbusgeo/geocube/internal/geocube/urn.go:41.32,43.2 1 0
github.com/airbusgeo/geocube/internal/geocube/compression_enumer.go:16.38,17.57 1 0
github.com/airbusgeo/geocube/internal/geocube/compression_enumer.go:20.2,20.70 1 0
github.com/airbusgeo/geocube/internal/geocube/compression_enumer.go:17.57,19.3 1 0
github.com/airbusgeo/geocube/internal/geocube/compression_enumer.go:33.55,34.50 1 0
github.com/airbusgeo/geocube/internal/geocube/compression_enumer.go:37.2,37.69 1 0
github.com/airbusgeo/geocube/internal/geocube/compression_enumer.go:34.50,36.3 1 0
github.com/airbusgeo/geocube/internal/geocube/compression_enumer.go:41.40,43.2 1 0
github.com/airbusgeo/geocube/internal/geocube/compression_enumer.go:46.44,47.39 1 0
github.com/airbusgeo/geocube/internal/geocube/compression_enumer.go:52.2,52.14 1 0
github.com/airbusgeo/geocube/internal/geocube/compression_enumer.go:47.39,48.13 1 0
github.com/airbusgeo/geocube/internal/geocube/compression_enumer.go:48.13,50.4 1 0
github.com/airbusgeo/geocube/internal/geocube/compression_enumer.go:56.52,58.2 1 0
github.com/airbusgeo/geocube/internal/geocube/compression_enumer.go:61.56,63.49 2 0
github.com/airbusgeo/geocube/internal/geocube/compression_enumer.go:67.2,69.12 3 0
github.com/airbusgeo/geocube/internal/geocube/compression_enumer.go:63.49,65.3 1 0
github.com/airbusgeo/geocube/internal/geocube/compression_enumer.go:72.52,74.2 1 0
github.com/airbusgeo/geocube/internal/geocube/compression_enumer.go:76.53,77.18 1 0
github.com/airbusgeo/geocube/internal/geocube/compression_enumer.go:81.2,82.9 2 0
github.com/airbusgeo/geocube/internal/geocube/compression_enumer.go:91.2,92.16 2 0
github.com/airbusgeo/geocube/internal/geocube/compression_enumer.go:96.2,97.12 2 0
github.com/airbusgeo/geocube/internal/geocube/compression_enumer.go:77.18,79.3 1 0
github.com/airbusgeo/geocube/internal/geocube/compression_enumer.go:82.9,84.10 2 0
github.com/airbusgeo/geocube/internal/geocube/compression_enumer.go:88.3,88.25 1 0
github.com/airbusgeo/geocube/internal/geocube/compression_enumer.go:84.10,86.4 1 0
github.com/airbusgeo/geocube/internal/geocube/compression_enumer.go:92.16,94.3 1 0
github.com/airbusgeo/geocube/internal/geocube/datasetstatus_enumer.go:16.40,17.61 1 0
github.com/airbusgeo/geocube/internal/geocube/datasetstatus_enumer.go:20.2,20.76 1 0
github.com/airbusgeo/geocube/internal/geocube/datasetstatus_enumer.go:17.61,19.3 1 0
github.com/airbusgeo/geocube/internal/geocube/datasetstatus_enumer.go:33.59,34.52 1 0
github.com/airbusgeo/geocube/internal/geocube/datasetstatus_enumer.go:37.2,37.71 1 0
github.com/airbusgeo/geocube/internal/geocube/datasetstatus_enumer.go:34.52,36.3 1 0
github.com/airbusgeo/geocube/internal/geocube/datasetstatus_enumer.go:41.44,43.2 1 0
github.com/airbusgeo/geocube/internal/geocube/datasetstatus_enumer.go:46.48,47.41 1 0
github.com/airbusgeo/geocube/internal/geocube/datasetstatus_enumer.go:52.2,52.14 1 0
github.com/airbusgeo/geocube/internal/geocube/datasetstatus_enumer.go:47.41,48.13 1 0
github.com/airbusgeo/geocube/internal/geocube/datasetstatus_enumer.go:48.13,50.4 1 0
github.com/airbusgeo/geocube/internal/geocube/datasetstatus_enumer.go:56.54,58.2 1 0
github.com/airbusgeo/geocube/internal/geocube/datasetstatus_enumer.go:61.58,63.49 2 0
github.com/airbusgeo/geocube/internal/geocube/datasetstatus_enumer.go:67.2,69.12 3 0
github.com/airbusgeo/geocube/internal/geocube/datasetstatus_enumer.go:63.49,65.3 1 0
github.com/airbusgeo/geocube/internal/geocube/datasetstatus_enumer.go:72.54,74.2 1 0
github.com/airbusgeo/geocube/internal/geocube/datasetstatus_enumer.go:76.55,77.18 1 0
github.com/airbusgeo/geocube/internal/geocube/datasetstatus_enumer.go:81.2,82.9 2 0
github.com/airbusgeo/geocube/internal/geocube/datasetstatus_enumer.go:91.2,92.16 2 0
github.com/airbusgeo/geocube/internal/geocube/datasetstatus_enumer.go:96.2,97.12 2 0
github.com/airbusgeo/geocube/internal/geocube/datasetstatus_enumer.go:77.18,79.3 1 0
github.com/airbusgeo/geocube/internal/geocube/datasetstatus_enumer.go:82.9,84.10 2 0
github.com/airbusgeo/geocube/internal/geocube/datasetstatus_enumer.go:88.3,88.25 1 0
github.com/airbusgeo/geocube/internal/geocube/datasetstatus_enumer.go:84.10,86.4 1 0
github.com/airbusgeo/geocube/internal/geocube/datasetstatus_enumer.go:92.16,94.3 1 0
github.com/airbusgeo/geocube/internal/geocube/geocubeerrors.go:40.62,42.2 1 1
github.com/airbusgeo/geocube/internal/geocube/geocubeerrors.go:45.80,46.16 1 0
github.com/airbusgeo/geocube/internal/geocube/geocubeerrors.go:49.2,49.112 1 0
github.com/airbusgeo/geocube/internal/geocube/geocubeerrors.go:46.16,48.3 1 0
github.com/airbusgeo/geocube/internal/geocube/geocubeerrors.go:53.85,54.16 1 0
github.com/airbusgeo/geocube/internal/geocube/geocubeerrors.go:57.2,57.117 1 0
github.com/airbusgeo/geocube/internal/geocube/geocubeerrors.go:54.16,56.3 1 0
github.com/airbusgeo/geocube/internal/geocube/geocubeerrors.go:61.97,62.16 1 0
github.com/airbusgeo/geocube/internal/geocube/geocubeerrors.go:69.2,69.129 1 0
github.com/airbusgeo/geocube/internal/geocube/geocubeerrors.go:62.16,63.20 1 0
github.com/airbusgeo/geocube/internal/geocube/geocubeerrors.go:63.20,65.4 1 0
github.com/airbusgeo/geocube/internal/geocube/geocubeerrors.go:65.9,67.4 1 0
github.com/airbusgeo/geocube/internal/geocube/geocubeerrors.go:73.61,75.2 1 0
github.com/airbusgeo/geocube/internal/geocube/geocubeerrors.go:78.64,80.2 1 0
github.com/airbusgeo/geocube/internal/geocube/geocubeerrors.go:83.38,85.16 2 0
github.com/airbusgeo/geocube/internal/geocube/geocubeerrors.go:99.2,99.26 1 0
github.com/airbusgeo/geocube/internal/geocube/geocubeerrors.go:86.29,87.30 1 0
github.com/airbusgeo/geocube/internal/geocube/geocubeerrors.go:88.22,89.23 1 0
github.com/airbusgeo/geocube/internal/geocube/geocubeerrors.go:90.27,91.28 1 0
github.com/airbusgeo/geocube/internal/geocube/geocubeerrors.go:92.29,93.30 1 0
github.com/airbusgeo/geocube/internal/geocube/geocubeerrors.go:94.22,95.23 1 0
github.com/airbusgeo/geocube/internal/geocube/geocubeerrors.go:96.25,97.26 1 0
github.com/airbusgeo/geocube/internal/geocube/geocubeerrors.go:103.37,105.2 1 0
github.com/airbusgeo/geocube/internal/geocube/geocubeerrors.go:108.40,110.2 1 1
github.com/airbusgeo/geocube/internal/geocube/geocubeerrors.go:113.44,114.24 1 0
github.com/airbusgeo/geocube/internal/geocube/geocubeerrors.go:117.2,117.21 1 0
github.com/airbusgeo/geocube/internal/geocube/geocubeerrors.go:114.24,116.3 1 0
github.com/airbusgeo/geocube/internal/geocube/geocubeerrors.go:121.46,124.2 2 1
github.com/airbusgeo/geocube/internal/geocube/geocubeerrors.go:127.62,130.2 2 0
github.com/airbusgeo/geocube/internal/geocube/geocubeerrors.go:132.56,133.30 1 0
github.com/airbusgeo/geocube/internal/geocube/geocubeerrors.go:136.2,136.11 1 0
github.com/airbusgeo/geocube/internal/geocube/geocubeerrors.go:133.30,135.3 1 0
github.com/airbusgeo/geocube/internal/geocube/jobtype_enumer.go:16.34,17.49 1 0
github.com/airbusgeo/geocube/internal/geocube/jobtype_enumer.go:20.2,20.58 1 0
github.com/airbusgeo/geocube/internal/geocube/jobtype_enumer.go:17.49,19.3 1 0
github.com/airbusgeo/geocube/internal/geocube/jobtype_enumer.go:33.47,34.46 1 0
github.com/airbusgeo/geocube/internal/geocube/jobtype_enumer.go:37.2,37.65 1 0
github.com/airbusgeo/geocube/internal/geocube/jobtype_enumer.go:34.46,36.3 1 0
github.com/airbusgeo/geocube/internal/geocube/jobtype_enumer.go:41.32,43.2 1 0
github.com/airbusgeo/geocube/internal/geocube/jobtype_enumer.go:46.36,47.35 1 0
github.com/airbusgeo/geocube/internal/geocube/jobtype_enumer.go:52.2,52.14 1 0
github.com/airbusgeo/geocube/internal/geocube/jobtype_enumer.go:47.35,48.13 1 0
github.com/airbusgeo/geocube/internal/geocube/jobtype_enumer.go:48.13,50.4 1 0
github.com/airbusgeo/geocube/internal/geocube/jobtype_enumer.go:56.48,58.2 1 0
github.com/airbusgeo/geocube/internal/geocube/jobtype_enumer.go:61.52,63.49 2 0
github.com/airbusgeo/geocube/internal/geocube/jobtype_enumer.go:67.2,69.12 3 0
github.com/airbusgeo/geocube/internal/geocube/jobtype_enumer.go:63.49,65.3 1 0
github.com/airbusgeo/geocube/internal/geocube/jobtype_enumer.go:72.48,74.2 1 0
github.com/airbusgeo/geocube/internal/geocube/jobtype_enumer.go:76.49,77.18 1 0
github.com/airbusgeo/geocube/internal/geocube/jobtype_enumer.go:81.2,82.9 2 0
github.com/airbusgeo/geocube/internal/geocube/jobtype_enumer.go:91.2,92.16 2 0
github.com/airbusgeo/geocube/internal/geocube/jobtype_enumer.go:96.2,97.12 2 0
github.com/airbusgeo/geocube/internal/geocube/jobtype_enumer.go:77.18,79.3 1 0
github.com/airbusgeo/geocube/internal/geocube/jobtype_enumer.go:82.9,84.10 2 0
github.com/airbusgeo/geocube/internal/geocube/jobtype_enumer.go:88.3,88.25 1 0
github.com/airbusgeo/geocube/internal/geocube/jobtype_enumer.go:84.10,86.4 1 0
github.com/airbusgeo/geocube/internal/geocube/jobtype_enumer.go:92.16,94.3 1 0
github.com/airbusgeo/geocube/internal/geocube/variable.go:35.43,36.11 1 0
github.com/airbusgeo/geocube/internal/geocube/variable.go:37.104,38.14 1 0
github.com/airbusgeo/geocube/internal/geocube/variable.go:39.10,40.15 1 0
github.com/airbusgeo/geocube/internal/geocube/variable.go:44.50,45.11 1 0
github.com/airbusgeo/geocube/internal/geocube/variable.go:46.10,47.23 1 0
github.com/airbusgeo/geocube/internal/geocube/variable.go:48.26,49.24 1 0
github.com/airbusgeo/geocube/internal/geocube/variable.go:50.23,51.21 1 0
github.com/airbusgeo/geocube/internal/geocube/variable.go:52.29,53.27 1 0
github.com/airbusgeo/geocube/internal/geocube/variable.go:54.25,55.23 1 0
github.com/airbusgeo/geocube/internal/geocube/variable.go:56.25,57.23 1 0
github.com/airbusgeo/geocube/internal/geocube/variable.go:58.22,59.20 1 0
github.com/airbusgeo/geocube/internal/geocube/variable.go:60.21,61.19 1 0
github.com/airbusgeo/geocube/internal/geocube/variable.go:62.21,63.19 1 0
github.com/airbusgeo/geocube/internal/geocube/variable.go:64.21,65.22 1 0
github.com/airbusgeo/geocube/internal/geocube/variable.go:66.20,67.18 1 0
github.com/airbusgeo/geocube/internal/geocube/variable.go:68.20,69.18 1 0
github.com/airbusgeo/geocube/internal/geocube/variable.go:107.86,115.38 2 0
github.com/airbusgeo/geocube/internal/geocube/variable.go:118.2,118.17 1 0
github.com/airbusgeo/geocube/internal/geocube/variable.go:115.38,117.3 1 0
github.com/airbusgeo/geocube/internal/geocube/variable.go:123.67,126.55 2 0
github.com/airbusgeo/geocube/internal/geocube/variable.go:130.2,142.37 2 0
github.com/airbusgeo/geocube/internal/geocube/variable.go:145.2,145.16 1 0
github.com/airbusgeo/geocube/internal/geocube/variable.go:126.55,128.3 1 0
github.com/airbusgeo/geocube/internal/geocube/variable.go:142.37,144.3 1 0
github.com/airbusgeo/geocube/internal/geocube/variable.go:149.46,162.39 2 0
github.com/airbusgeo/geocube/internal/geocube/variable.go:169.2,169.14 1 0
github.com/airbusgeo/geocube/internal/geocube/variable.go:162.39,168.3 1 0
github.com/airbusgeo/geocube/internal/geocube/variable.go:173.36,174.9 1 0
github.com/airbusgeo/geocube/internal/geocube/variable.go:180.2,180.28 1 0
github.com/airbusgeo/geocube/internal/geocube/variable.go:174.9,175.34 1 0
github.com/airbusgeo/geocube/internal/geocube/variable.go:178.3,178.32 1 0
github.com/airbusgeo/geocube/internal/geocube/variable.go:175.34,177.4 1 0
github.com/airbusgeo/geocube/internal/geocube/variable.go:184.48,185.22 1 0
github.com/airbusgeo/geocube/internal/geocube/variable.go:185.22,186.34 1 0
github.com/airbusgeo/geocube/internal/geocube/variable.go:189.3,190.15 2 0
github.com/airbusgeo/geocube/internal/geocube/variable.go:186.34,188.4 1 0
github.com/airbusgeo/geocube/internal/geocube/variable.go:191.8,192.34 1 0
github.com/airbusgeo/geocube/internal/geocube/variable.go:192.34,193.27 1 0
github.com/airbusgeo/geocube/internal/geocube/variable.go:193.27,195.5 1 0
github.com/airbusgeo/geocube/internal/geocube/variable.go:201.99,202.36 1 0
github.com/airbusgeo/geocube/internal/geocube/variable.go:206.2,206.36 1 0
github.com/airbusgeo/geocube/internal/geocube/variable.go:210.2,210.57 1 0
github.com/airbusgeo/geocube/internal/geocube/variable.go:214.2,214.45 1 0
github.com/airbusgeo/geocube/internal/geocube/variable.go:218.2,218.54 1 0
github.com/airbusgeo/geocube/internal/geocube/variable.go:223.2,223.17 1 0
github.com/airbusgeo/geocube/internal/geocube/variable.go:226.2,226.12 1 0
github.com/airbusgeo/geocube/internal/geocube/variable.go:202.36,205.3 2 0
github.com/airbusgeo/geocube/internal/geocube/variable.go:206.36,209.3 2 0
github.com/airbusgeo/geocube/internal/geocube/variable.go:210.57,213.3 2 0
github.com/airbusgeo/geocube/internal/geocube/variable.go:214.45,217.3 2 0
github.com/airbusgeo/geocube/internal/geocube/variable.go:218.54,221.3 2 0
github.com/airbusgeo/geocube/internal/geocube/variable.go:223.17,225.3 1 0
github.com/airbusgeo/geocube/internal/geocube/variable.go:231.77,233.84 2 0
github.com/airbusgeo/geocube/internal/geocube/variable.go:236.2,236.12 1 0
github.com/airbusgeo/geocube/internal/geocube/variable.go:233.84,235.3 1 0
github.com/airbusgeo/geocube/internal/geocube/variable.go:240.65,241.43 1 0
github.com/airbusgeo/geocube/internal/geocube/variable.go:244.2,244.12 1 0
github.com/airbusgeo/geocube/internal/geocube/variable.go:241.43,243.3 1 0
github.com/airbusgeo/geocube/internal/geocube/variable.go:248.83,249.39 1 0
github.com/airbusgeo/geocube/internal/geocube/variable.go:254.2,254.12 1 0
github.com/airbusgeo/geocube/internal/geocube/variable.go:249.39,250.63 1 0
github.com/airbusgeo/geocube/internal/geocube/variable.go:250.63,252.4 1 0
github.com/airbusgeo/geocube/internal/geocube/variable.go:258.60,260.65 1 0
github.com/airbusgeo/geocube/internal/geocube/variable.go:263.2,264.12 2 0
github.com/airbusgeo/geocube/internal/geocube/variable.go:260.65,262.3 1 0
github.com/airbusgeo/geocube/internal/geocube/variable.go:268.131,271.43 2 0
github.com/airbusgeo/geocube/internal/geocube/variable.go:281.2,281.39 1 0
github.com/airbusgeo/geocube/internal/geocube/variable.go:288.2,288.38 1 0
github.com/airbusgeo/geocube/internal/geocube/variable.go:293.2,293.28 1 0
github.com/airbusgeo/geocube/internal/geocube/variable.go:271.43,273.72 1 0
github.com/airbusgeo/geocube/internal/geocube/variable.go:276.3,277.19 2 0
github.com/airbusgeo/geocube/internal/geocube/variable.go:273.72,275.4 1 0
github.com/airbusgeo/geocube/internal/geocube/variable.go:281.39,282.62 1 0
github.com/airbusgeo/geocube/internal/geocube/variable.go:282.62,285.4 2 0
github.com/airbusgeo/geocube/internal/geocube/variable.go:288.38,291.3 2 0
github.com/airbusgeo/geocube/internal/geocube/variable.go:296.46,297.45 1 0
github.com/airbusgeo/geocube/internal/geocube/variable.go:300.2,300.82 1 0
github.com/airbusgeo/geocube/internal/geocube/variable.go:303.2,303.12 1 0
github.com/airbusgeo/geocube/internal/geocube/variable.go:297.45,299.3 1 0
github.com/airbusgeo/geocube/internal/geocube/variable.go:300.82,302.3 1 0
github.com/airbusgeo/geocube/internal/geocube/variable.go:306.37,307.44 1 0
github.com/airbusgeo/geocube/internal/geocube/variable.go:311.2,311.25 1 0
github.com/airbusgeo/geocube/internal/geocube/variable.go:315.2,315.47 1 0
github.com/airbusgeo/geocube/internal/geocube/variable.go:319.2,319.42 1 0
github.com/airbusgeo/geocube/internal/geocube/variable.go:323.2,323.45 1 0
github.com/airbusgeo/geocube/internal/geocube/variable.go:327.2,327.23 1 0
github.com/airbusgeo/geocube/internal/geocube/variable.go:330.2,330.22 1 0
github.com/airbusgeo/geocube/internal/geocube/variable.go:337.2,337.12 1 0
github.com/airbusgeo/geocube/internal/geocube/variable.go:307.44,309.3 1 0
github.com/airbusgeo/geocube/internal/geocube/variable.go:311.25,313.3 1 0
github.com/airbusgeo/geocube/internal/geocube/variable.go:315.47,317.3 1 0
github.com/airbusgeo/geocube/internal/geocube/variable.go:319.42,321.3 1 0
github.com/airbusgeo/geocube/internal/geocube/variable.go:323.45,325.3 1 0
github.com/airbusgeo/geocube/internal/geocube/variable.go:327.23,329.3 1 0
github.com/airbusgeo/geocube/internal/geocube/variable.go:330.22,331.32 1 0
github.com/airbusgeo/geocube/internal/geocube/variable.go:331.32,332.18 1 0
github.com/airbusgeo/geocube/internal/geocube/variable.go:332.18,334.5 1 0
github.com/airbusgeo/geocube/internal/geocube/consolidation_event.go:16.25,19.2 2 0
github.com/airbusgeo/geocube/internal/geocube/consolidation_event.go:22.46,25.59 3 0
github.com/airbusgeo/geocube/internal/geocube/consolidation_event.go:29.2,29.26 1 0
github.com/airbusgeo/geocube/internal/geocube/consolidation_event.go:25.59,27.3 1 0
github.com/airbusgeo/geocube/internal/geocube/consolidation_event.go:33.49,36.55 3 0
github.com/airbusgeo/geocube/internal/geocube/consolidation_event.go:40.2,40.17 1 0
github.com/airbusgeo/geocube/internal/geocube/consolidation_event.go:36.55,38.3 1 0
github.com/airbusgeo/geocube/internal/geocube/consolidation_event.go:70.87,72.16 2 0
github.com/airbusgeo/geocube/internal/geocube/consolidation_event.go:75.2,80.3 1 0
github.com/airbusgeo/geocube/internal/geocube/consolidation_event.go:72.16,74.3 1 0
github.com/airbusgeo/geocube/internal/geocube/consolidation_event.go:83.38,84.12 1 0
github.com/airbusgeo/geocube/internal/geocube/consolidation_event.go:92.2,92.32 1 0
github.com/airbusgeo/geocube/internal/geocube/consolidation_event.go:85.18,86.22 1 0
github.com/airbusgeo/geocube/internal/geocube/consolidation_event.go:87.22,88.26 1 0
github.com/airbusgeo/geocube/internal/geocube/consolidation_event.go:89.21,90.25 1 0
github.com/airbusgeo/geocube/internal/geocube/consolidation_event.go:143.159,145.16 2 0
github.com/airbusgeo/geocube/internal/geocube/consolidation_event.go:149.2,170.8 1 0
github.com/airbusgeo/geocube/internal/geocube/consolidation_event.go:145.16,147.3 1 0
github.com/airbusgeo/geocube/internal/geocube/consolidation_event.go:174.64,182.2 1 0
github.com/airbusgeo/geocube/internal/geocube/consolidation_event.go:185.72,187.59 2 0
github.com/airbusgeo/geocube/internal/geocube/consolidation_event.go:191.2,191.26 1 0
github.com/airbusgeo/geocube/internal/geocube/consolidation_event.go:187.59,189.3 1 0
github.com/airbusgeo/geocube/internal/geocube/consolidation_event.go:195.76,197.55 2 0
github.com/airbusgeo/geocube/internal/geocube/consolidation_event.go:201.2,201.18 1 0
github.com/airbusgeo/geocube/internal/geocube/consolidation_event.go:197.55,199.3 1 0
github.com/airbusgeo/geocube/internal/geocube/consolidation_event.go:205.84,207.2 1 0
github.com/airbusgeo/geocube/internal/geocube/consolidation_event.go:211.85,212.82 1 0
github.com/airbusgeo/geocube/internal/geocube/consolidation_event.go:216.2,216.28 1 0
github.com/airbusgeo/geocube/internal/geocube/consolidation_event.go:222.2,223.22 2 0
github.com/airbusgeo/geocube/internal/geocube/consolidation_event.go:226.2,226.17 1 0
github.com/airbusgeo/geocube/internal/geocube/consolidation_event.go:229.2,230.14 2 0
github.com/airbusgeo/geocube/internal/geocube/consolidation_event.go:212.82,214.3 1 0
github.com/airbusgeo/geocube/internal/geocube/consolidation_event.go:216.28,217.28 1 0
github.com/airbusgeo/geocube/internal/geocube/consolidation_event.go:217.28,219.4 1 0
github.com/airbusgeo/geocube/internal/geocube/consolidation_event.go:223.22,225.3 1 0
github.com/airbusgeo/geocube/internal/geocube/consolidation_event.go:226.17,228.3 1 0
github.com/airbusgeo/geocube/internal/geocube/consolidation_event.go:274.45,275.16 1 0
github.com/airbusgeo/geocube/internal/geocube/consolidation_event.go:288.2,288.14 1 0
github.com/airbusgeo/geocube/internal/geocube/consolidation_event.go:285.18,286.14 1 0
github.com/airbusgeo/geocube/internal/geocube/consolidation_event.go:293.72,294.44 1 0
github.com/airbusgeo/geocube/internal/geocube/consolidation_event.go:298.2,302.3 1 0
github.com/airbusgeo/geocube/internal/geocube/consolidation_event.go:294.44,295.45 1 0
github.com/airbusgeo/geocube/internal/geocube/consolidation_event.go:305.36,306.11 1 0
github.com/airbusgeo/geocube/internal/geocube/consolidation_event.go:352.2,352.27 1 0
github.com/airbusgeo/geocube/internal/geocube/consolidation_event.go:307.18,308.22 1 0
github.com/airbusgeo/geocube/internal/geocube/consolidation_event.go:309.35,310.39 1 0
github.com/airbusgeo/geocube/internal/geocube/consolidation_event.go:311.40,312.44 1 0
github.com/airbusgeo/geocube/internal/geocube/consolidation_event.go:313.37,314.41 1 0
github.com/airbusgeo/geocube/internal/geocube/consolidation_event.go:315.25,316.29 1 0
github.com/airbusgeo/geocube/internal/geocube/consolidation_event.go:317.27,318.31 1 0
github.com/airbusgeo/geocube/internal/geocube/consolidation_event.go:319.28,320.32 1 0
github.com/airbusgeo/geocube/internal/geocube/consolidation_event.go:321.32,322.36 1 0
github.com/airbusgeo/geocube/internal/geocube/consolidation_event.go:323.28,324.32 1 0
github.com/airbusgeo/geocube/internal/geocube/consolidation_event.go:325.35,326.39 1 0
github.com/airbusgeo/geocube/internal/geocube/consolidation_event.go:327.23,328.27 1 0
github.com/airbusgeo/geocube/internal/geocube/consolidation_event.go:329.26,330.30 1 0
github.com/airbusgeo/geocube/internal/geocube/consolidation_event.go:331.26,332.30 1 0
github.com/airbusgeo/geocube/internal/geocube/consolidation_event.go:333.32,334.36 1 0
github.com/airbusgeo/geocube/internal/geocube/consolidation_event.go:335.23,336.27 1 0
github.com/airbusgeo/geocube/internal/geocube/consolidation_event.go:337.26,338.30 1 0
github.com/airbusgeo/geocube/internal/geocube/consolidation_event.go:339.24,340.28 1 0
github.com/airbusgeo/geocube/internal/geocube/consolidation_event.go:341.20,342.24 1 0
github.com/airbusgeo/geocube/internal/geocube/consolidation_event.go:343.22,344.26 1 0
github.com/airbusgeo/geocube/internal/geocube/consolidation_event.go:345.22,346.26 1 0
github.com/airbusgeo/geocube/internal/geocube/consolidation_event.go:347.20,348.24 1 0
github.com/airbusgeo/geocube/internal/geocube/consolidation_event.go:349.19,350.23 1 0
github.com/airbusgeo/geocube/internal/geocube/consolidation_params.go:33.100,36.57 2 0
github.com/airbusgeo/geocube/internal/geocube/consolidation_params.go:40.2,51.37 2 0
github.com/airbusgeo/geocube/internal/geocube/consolidation_params.go:54.2,54.16 1 0
github.com/airbusgeo/geocube/internal/geocube/consolidation_params.go:36.57,38.3 1 0
github.com/airbusgeo/geocube/internal/geocube/consolidation_params.go:51.37,53.3 1 0
github.com/airbusgeo/geocube/internal/geocube/consolidation_params.go:58.68,68.2 1 0
github.com/airbusgeo/geocube/internal/geocube/consolidation_params.go:70.47,71.34 1 0
github.com/airbusgeo/geocube/internal/geocube/consolidation_params.go:75.2,75.12 1 0
github.com/airbusgeo/geocube/internal/geocube/consolidation_params.go:71.34,73.3 1 0
github.com/airbusgeo/geocube/internal/geocube/dataformat.go:32.35,34.2 1 0
github.com/airbusgeo/geocube/internal/geocube/dataformat.go:36.65,42.2 1 0
github.com/airbusgeo/geocube/internal/geocube/dataformat.go:44.50,50.2 1 0
github.com/airbusgeo/geocube/internal/geocube/dataformat.go:52.33,53.20 1 0
github.com/airbusgeo/geocube/internal/geocube/dataformat.go:56.2,56.12 1 0
github.com/airbusgeo/geocube/internal/geocube/dataformat.go:53.20,55.3 1 0
github.com/airbusgeo/geocube/internal/geocube/dataformat.go:59.40,60.49 1 0
github.com/airbusgeo/geocube/internal/geocube/dataformat.go:64.2,64.47 1 0
github.com/airbusgeo/geocube/internal/geocube/dataformat.go:68.2,68.22 1 0
github.com/airbusgeo/geocube/internal/geocube/dataformat.go:72.2,72.12 1 0
github.com/airbusgeo/geocube/internal/geocube/dataformat.go:60.49,62.3 1 0
github.com/airbusgeo/geocube/internal/geocube/dataformat.go:64.47,66.3 1 0
github.com/airbusgeo/geocube/internal/geocube/dataformat.go:68.22,70.3 1 0
github.com/airbusgeo/geocube/internal/geocube/dataformat.go:75.39,79.61 3 0
github.com/airbusgeo/geocube/internal/geocube/dataformat.go:83.2,83.44 1 0
github.com/airbusgeo/geocube/internal/geocube/dataformat.go:87.2,87.84 1 0
github.com/airbusgeo/geocube/internal/geocube/dataformat.go:91.2,91.78 1 0
github.com/airbusgeo/geocube/internal/geocube/dataformat.go:95.2,95.12 1 0
github.com/airbusgeo/geocube/internal/geocube/dataformat.go:79.61,81.3 1 0
github.com/airbusgeo/geocube/internal/geocube/dataformat.go:83.44,85.3 1 0
github.com/airbusgeo/geocube/internal/geocube/dataformat.go:87.84,89.3 1 0
github.com/airbusgeo/geocube/internal/geocube/dataformat.go:91.78,93.3 1 0
github.com/airbusgeo/geocube/internal/geocube/dataformat.go:100.43,102.2 1 0
github.com/airbusgeo/geocube/internal/geocube/dataformat.go:104.52,108.2 1 0
github.com/airbusgeo/geocube/internal/geocube/dataformat.go:110.50,114.2 1 0
github.com/airbusgeo/geocube/internal/geocube/dataformat.go:116.54,118.2 1 0
github.com/airbusgeo/geocube/internal/geocube/dataformat.go:120.45,122.2 1 0
github.com/airbusgeo/geocube/internal/geocube/dataformat.go:124.38,126.2 1 0
github.com/airbusgeo/geocube/internal/geocube/dataformat.go:128.32,130.2 1 0
github.com/airbusgeo/geocube/internal/geocube/dataset.go:44.76,60.37 2 0
github.com/airbusgeo/geocube/internal/geocube/dataset.go:63.2,63.16 1 0
github.com/airbusgeo/geocube/internal/geocube/dataset.go:60.37,62.3 1 0
github.com/airbusgeo/geocube/internal/geocube/dataset.go:68.105,85.60 7 0
github.com/airbusgeo/geocube/internal/geocube/dataset.go:90.2,90.25 1 0
github.com/airbusgeo/geocube/internal/geocube/dataset.go:94.2,96.16 2 0
github.com/airbusgeo/geocube/internal/geocube/dataset.go:85.60,87.3 1 0
github.com/airbusgeo/geocube/internal/geocube/dataset.go:90.25,92.3 1 0
github.com/airbusgeo/geocube/internal/geocube/dataset.go:101.85,107.37 5 0
github.com/airbusgeo/geocube/internal/geocube/dataset.go:110.2,110.16 1 0
github.com/airbusgeo/geocube/internal/geocube/dataset.go:107.37,109.3 1 0
github.com/airbusgeo/geocube/internal/geocube/dataset.go:114.68,115.16 1 0
github.com/airbusgeo/geocube/internal/geocube/dataset.go:119.2,120.16 2 0
github.com/airbusgeo/geocube/internal/geocube/dataset.go:124.2,128.16 4 0
github.com/airbusgeo/geocube/internal/geocube/dataset.go:131.2,132.16 2 0
github.com/airbusgeo/geocube/internal/geocube/dataset.go:135.2,135.12 1 0
github.com/airbusgeo/geocube/internal/geocube/dataset.go:115.16,117.3 1 0
github.com/airbusgeo/geocube/internal/geocube/dataset.go:120.16,122.3 1 0
github.com/airbusgeo/geocube/internal/geocube/dataset.go:128.16,130.3 1 0
github.com/airbusgeo/geocube/internal/geocube/dataset.go:132.16,134.3 1 0
github.com/airbusgeo/geocube/internal/geocube/dataset.go:139.57,140.16 1 0
github.com/airbusgeo/geocube/internal/geocube/dataset.go:143.2,144.12 2 0
github.com/airbusgeo/geocube/internal/geocube/dataset.go:140.16,142.3 1 0
github.com/airbusgeo/geocube/internal/geocube/dataset.go:148.50,149.16 1 0
github.com/airbusgeo/geocube/internal/geocube/dataset.go:152.2,153.49 2 0
github.com/airbusgeo/geocube/internal/geocube/dataset.go:156.2,156.12 1 0
github.com/airbusgeo/geocube/internal/geocube/dataset.go:149.16,151.3 1 0
github.com/airbusgeo/geocube/internal/geocube/dataset.go:153.49,155.3 1 0
github.com/airbusgeo/geocube/internal/geocube/dataset.go:161.59,162.34 1 0
github.com/airbusgeo/geocube/internal/geocube/dataset.go:166.2,166.42 1 0
github.com/airbusgeo/geocube/internal/geocube/dataset.go:170.2,170.108 1 0
github.com/airbusgeo/geocube/internal/geocube/dataset.go:175.2,175.12 1 0
github.com/airbusgeo/geocube/internal/geocube/dataset.go:162.34,164.3 1 0
github.com/airbusgeo/geocube/internal/geocube/dataset.go:166.42,168.3 1 0
github.com/airbusgeo/geocube/internal/geocube/dataset.go:170.108,174.3 1 0
github.com/airbusgeo/geocube/internal/geocube/dataset.go:180.36,181.50 1 0
github.com/airbusgeo/geocube/internal/geocube/dataset.go:184.2,184.52 1 0
github.com/airbusgeo/geocube/internal/geocube/dataset.go:187.2,187.49 1 0
github.com/airbusgeo/geocube/internal/geocube/dataset.go:190.2,190.12 1 0
github.com/airbusgeo/geocube/internal/geocube/dataset.go:181.50,183.3 1 0
github.com/airbusgeo/geocube/internal/geocube/dataset.go:184.52,186.3 1 0
github.com/airbusgeo/geocube/internal/geocube/dataset.go:187.49,189.3 1 0
github.com/airbusgeo/geocube/internal/geocube/dataset.go:194.53,195.28 1 0
github.com/airbusgeo/geocube/internal/geocube/dataset.go:205.2,205.81 1 0
github.com/airbusgeo/geocube/internal/geocube/dataset.go:196.30,197.35 1 0
github.com/airbusgeo/geocube/internal/geocube/dataset.go:198.18,199.37 1 0
github.com/airbusgeo/geocube/internal/geocube/dataset.go:200.18,201.34 1 0
github.com/airbusgeo/geocube/internal/geocube/dataset.go:202.17,203.38 1 0
github.com/airbusgeo/geocube/internal/geocube/dataset.go:209.49,221.2 1 0
github.com/airbusgeo/geocube/internal/geocube/dataset.go:223.41,224.29 1 0
github.com/airbusgeo/geocube/internal/geocube/dataset.go:227.2,227.23 1 0
github.com/airbusgeo/geocube/internal/geocube/dataset.go:224.29,226.3 1 0
github.com/airbusgeo/geocube/internal/geocube/image.go:28.73,35.2 1 0
github.com/airbusgeo/geocube/internal/geocube/image.go:38.63,44.15 5 0
github.com/airbusgeo/geocube/internal/geocube/image.go:48.2,51.16 4 0
github.com/airbusgeo/geocube/internal/geocube/image.go:68.2,68.19 1 0
github.com/airbusgeo/geocube/internal/geocube/image.go:44.15,46.3 1 0
github.com/airbusgeo/geocube/internal/geocube/image.go:51.16,54.71 2 0
github.com/airbusgeo/geocube/internal/geocube/image.go:54.71,56.4 1 0
github.com/airbusgeo/geocube/internal/geocube/image.go:57.8,59.30 2 0
github.com/airbusgeo/geocube/internal/geocube/image.go:63.3,63.69 1 0
github.com/airbusgeo/geocube/internal/geocube/image.go:59.30,61.4 1 0
github.com/airbusgeo/geocube/internal/geocube/image.go:63.69,65.4 1 0
github.com/airbusgeo/geocube/internal/geocube/image.go:72.30,74.2 1 0
github.com/airbusgeo/geocube/internal/geocube/image.go:77.30,79.2 1 0
github.com/airbusgeo/geocube/internal/geocube/image.go:81.39,84.17 2 0
github.com/airbusgeo/geocube/internal/geocube/image.go:104.2,104.12 1 0
github.com/airbusgeo/geocube/internal/geocube/image.go:85.18,86.16 1 0
github.com/airbusgeo/geocube/internal/geocube/image.go:87.19,88.41 1 0
github.com/airbusgeo/geocube/internal/geocube/image.go:89.19,90.41 1 0
github.com/airbusgeo/geocube/internal/geocube/image.go:91.17,92.39 1 0
github.com/airbusgeo/geocube/internal/geocube/image.go:93.18,94.40 1 0
github.com/airbusgeo/geocube/internal/geocube/image.go:95.18,96.40 1 0
github.com/airbusgeo/geocube/internal/geocube/image.go:97.20,98.42 1 0
github.com/airbusgeo/geocube/internal/geocube/image.go:99.20,100.42 1 0
github.com/airbusgeo/geocube/internal/geocube/image.go:101.22,102.44 1 0
github.com/airbusgeo/geocube/internal/geocube/image.go:107.42,112.15 5 0
github.com/airbusgeo/geocube/internal/geocube/image.go:115.2,115.25 1 0
github.com/airbusgeo/geocube/internal/geocube/image.go:112.15,114.3 1 0
github.com/airbusgeo/geocube/internal/geocube/resampling_enumer.go:16.37,18.55 2 0
github.com/airbusgeo/geocube/internal/geocube/resampling_enumer.go:21.2,21.67 1 0
github.com/airbusgeo/geocube/internal/geocube/resampling_enumer.go:18.55,20.3 1 0
github.com/airbusgeo/geocube/internal/geocube/resampling_enumer.go:43.53,44.49 1 0
github.com/airbusgeo/geocube/internal/geocube/resampling_enumer.go:47.2,47.68 1 0
github.com/airbusgeo/geocube/internal/geocube/resampling_enumer.go:44.49,46.3 1 0
github.com/airbusgeo/geocube/internal/geocube/resampling_enumer.go:51.38,53.2 1 0
github.com/airbusgeo/geocube/internal/geocube/resampling_enumer.go:56.42,57.38 1 0
github.com/airbusgeo/geocube/internal/geocube/resampling_enumer.go:62.2,62.14 1 0
github.com/airbusgeo/geocube/internal/geocube/resampling_enumer.go:57.38,58.13 1 0
github.com/airbusgeo/geocube/internal/geocube/resampling_enumer.go:58.13,60.4 1 0
github.com/airbusgeo/geocube/internal/geocube/resampling_enumer.go:66.51,68.2 1 0
github.com/airbusgeo/geocube/internal/geocube/resampling_enumer.go:71.55,73.49 2 0
github.com/airbusgeo/geocube/internal/geocube/resampling_enumer.go:77.2,79.12 3 0
github.com/airbusgeo/geocube/internal/geocube/resampling_enumer.go:73.49,75.3 1 0
github.com/airbusgeo/geocube/internal/geocube/resampling_enumer.go:82.51,84.2 1 0
github.com/airbusgeo/geocube/internal/geocube/resampling_enumer.go:86.52,87.18 1 0
github.com/airbusgeo/geocube/internal/geocube/resampling_enumer.go:91.2,92.9 2 0
github.com/airbusgeo/geocube/internal/geocube/resampling_enumer.go:101.2,102.16 2 0
github.com/airbusgeo/geocube/internal/geocube/resampling_enumer.go:106.2,107.12 2 0
github.com/airbusgeo/geocube/internal/geocube/resampling_enumer.go:87.18,89.3 1 0
github.com/airbusgeo/geocube/internal/geocube/resampling_enumer.go:92.9,94.10 2 0
github.com/airbusgeo/geocube/internal/geocube/resampling_enumer.go:98.3,98.25 1 0
github.com/airbusgeo/geocube/internal/geocube/resampling_enumer.go:94.10,96.4 1 0
github.com/airbusgeo/geocube/internal/geocube/resampling_enumer.go:102.16,104.3 1 0
github.com/airbusgeo/geocube/internal/geocube/task.go:33.66,39.16 3 0
github.com/airbusgeo/geocube/internal/geocube/task.go:43.2,48.8 1 0
github.com/airbusgeo/geocube/internal/geocube/task.go:39.16,41.3 1 0
github.com/airbusgeo/geocube/internal/geocube/task.go:52.94,55.16 2 0
github.com/airbusgeo/geocube/internal/geocube/task.go:58.2,58.41 1 0
github.com/airbusgeo/geocube/internal/geocube/task.go:55.16,57.3 1 0
github.com/airbusgeo/geocube/internal/geocube/task.go:63.50,64.25 1 0
github.com/airbusgeo/geocube/internal/geocube/task.go:69.2,69.14 1 0
github.com/airbusgeo/geocube/internal/geocube/task.go:64.25,68.3 3 0
github.com/airbusgeo/geocube/internal/geocube/datatype.go:35.39,37.2 1 0
github.com/airbusgeo/geocube/internal/geocube/datatype.go:39.39,41.2 1 0
github.com/airbusgeo/geocube/internal/geocube/datatype.go:43.50,44.22 1 0
github.com/airbusgeo/geocube/internal/geocube/datatype.go:48.2,48.15 1 0
github.com/airbusgeo/geocube/internal/geocube/datatype.go:44.22,46.3 1 0
github.com/airbusgeo/geocube/internal/geocube/datatype.go:52.22,53.35 1 0
github.com/airbusgeo/geocube/internal/geocube/datatype.go:55.10,56.35 1 0
github.com/airbusgeo/geocube/internal/geocube/datatype.go:60.49,61.15 1 0
github.com/airbusgeo/geocube/internal/geocube/datatype.go:65.2,65.14 1 0
github.com/airbusgeo/geocube/internal/geocube/datatype.go:62.50,63.14 1 0
github.com/airbusgeo/geocube/internal/geocube/datatype.go:68.44,69.15 1 0
github.com/airbusgeo/geocube/internal/geocube/datatype.go:72.18,73.20 1 0
github.com/airbusgeo/geocube/internal/geocube/datatype.go:74.19,75.22 1 0
github.com/airbusgeo/geocube/internal/geocube/datatype.go:76.19,77.22 1 0
github.com/airbusgeo/geocube/internal/geocube/datatype.go:78.17,79.23 1 0
github.com/airbusgeo/geocube/internal/geocube/datatype.go:80.18,81.21 1 0
github.com/airbusgeo/geocube/internal/geocube/datatype.go:82.18,83.21 1 0
github.com/airbusgeo/geocube/internal/geocube/datatype.go:84.20,85.23 1 0
github.com/airbusgeo/geocube/internal/geocube/datatype.go:86.20,87.23 1 0
github.com/airbusgeo/geocube/internal/geocube/datatype.go:88.22,89.24 1 0
github.com/airbusgeo/geocube/internal/geocube/datatype.go:90.10,91.23 1 0
github.com/airbusgeo/geocube/internal/geocube/datatype.go:96.48,97.15 1 0
github.com/airbusgeo/geocube/internal/geocube/datatype.go:98.18,99.20 1 0
github.com/airbusgeo/geocube/internal/geocube/datatype.go:100.20,101.21 1 0
github.com/airbusgeo/geocube/internal/geocube/datatype.go:102.20,103.21 1 0
github.com/airbusgeo/geocube/internal/geocube/datatype.go:104.19,105.20 1 0
github.com/airbusgeo/geocube/internal/geocube/datatype.go:106.19,107.20 1 0
github.com/airbusgeo/geocube/internal/geocube/datatype.go:108.21,109.22 1 0
github.com/airbusgeo/geocube/internal/geocube/datatype.go:110.21,111.22 1 0
github.com/airbusgeo/geocube/internal/geocube/datatype.go:112.22,113.24 1 0
github.com/airbusgeo/geocube/internal/geocube/datatype.go:114.10,115.24 1 0
github.com/airbusgeo/geocube/internal/geocube/datatype.go:123.42,124.32 1 0
github.com/airbusgeo/geocube/internal/geocube/datatype.go:125.23,126.20 1 0
github.com/airbusgeo/geocube/internal/geocube/datatype.go:127.16,128.21 1 0
github.com/airbusgeo/geocube/internal/geocube/datatype.go:129.16,130.21 1 0
github.com/airbusgeo/geocube/internal/geocube/datatype.go:131.15,132.20 1 0
github.com/airbusgeo/geocube/internal/geocube/datatype.go:133.15,134.20 1 0
github.com/airbusgeo/geocube/internal/geocube/datatype.go:135.17,136.22 1 0
github.com/airbusgeo/geocube/internal/geocube/datatype.go:137.17,138.22 1 0
github.com/airbusgeo/geocube/internal/geocube/datatype.go:139.18,140.24 1 0
github.com/airbusgeo/geocube/internal/geocube/datatype.go:141.10,142.24 1 0
github.com/airbusgeo/geocube/internal/geocube/datatype.go:147.31,148.15 1 0
github.com/airbusgeo/geocube/internal/geocube/datatype.go:158.2,158.23 1 0
github.com/airbusgeo/geocube/internal/geocube/datatype.go:149.44,150.11 1 0
github.com/airbusgeo/geocube/internal/geocube/datatype.go:151.31,152.11 1 0
github.com/airbusgeo/geocube/internal/geocube/datatype.go:153.45,154.11 1 0
github.com/airbusgeo/geocube/internal/geocube/datatype.go:155.36,156.11 1 0
github.com/airbusgeo/geocube/internal/geocube/job.go:105.29,109.2 3 0
github.com/airbusgeo/geocube/internal/geocube/job.go:112.118,135.2 6 0
github.com/airbusgeo/geocube/internal/geocube/job.go:137.27,139.2 1 0
github.com/airbusgeo/geocube/internal/geocube/job.go:142.45,144.50 2 0
github.com/airbusgeo/geocube/internal/geocube/job.go:147.2,148.52 2 0
github.com/airbusgeo/geocube/internal/geocube/job.go:151.2,161.8 1 0
github.com/airbusgeo/geocube/internal/geocube/job.go:144.50,146.3 1 0
github.com/airbusgeo/geocube/internal/geocube/job.go:148.52,150.3 1 0
github.com/airbusgeo/geocube/internal/geocube/job.go:166.31,167.9 1 0
github.com/airbusgeo/geocube/internal/geocube/job.go:175.2,176.28 2 0
github.com/airbusgeo/geocube/internal/geocube/job.go:167.9,168.35 1 0
github.com/airbusgeo/geocube/internal/geocube/job.go:171.3,171.29 1 0
github.com/airbusgeo/geocube/internal/geocube/job.go:168.35,170.4 1 0
github.com/airbusgeo/geocube/internal/geocube/job.go:171.29,173.4 1 0
github.com/airbusgeo/geocube/internal/geocube/job.go:180.23,183.2 2 0
github.com/airbusgeo/geocube/internal/geocube/job.go:188.39,189.28 1 0
github.com/airbusgeo/geocube/internal/geocube/job.go:197.2,199.13 3 0
github.com/airbusgeo/geocube/internal/geocube/job.go:189.28,190.19 1 0
github.com/airbusgeo/geocube/internal/geocube/job.go:190.19,191.12 1 0
github.com/airbusgeo/geocube/internal/geocube/job.go:194.4,194.16 1 0
github.com/airbusgeo/geocube/internal/geocube/job.go:191.12,193.5 1 0
github.com/airbusgeo/geocube/internal/geocube/job.go:203.35,205.2 1 0
github.com/airbusgeo/geocube/internal/geocube/job.go:208.34,209.15 1 0
github.com/airbusgeo/geocube/internal/geocube/job.go:209.15,212.3 2 0
github.com/airbusgeo/geocube/internal/geocube/job.go:221.43,223.16 2 0
github.com/airbusgeo/geocube/internal/geocube/job.go:231.2,231.13 1 0
github.com/airbusgeo/geocube/internal/geocube/job.go:235.2,235.134 1 0
github.com/airbusgeo/geocube/internal/geocube/job.go:224.28,225.40 1 0
github.com/airbusgeo/geocube/internal/geocube/job.go:226.23,227.35 1 0
github.com/airbusgeo/geocube/internal/geocube/job.go:228.24,229.36 1 0
github.com/airbusgeo/geocube/internal/geocube/job.go:231.13,234.3 2 0
github.com/airbusgeo/geocube/internal/geocube/job.go:238.55,239.17 1 0
github.com/airbusgeo/geocube/internal/geocube/job.go:367.2,367.14 1 0
github.com/airbusgeo/geocube/internal/geocube/job.go:240.19,241.21 1 0
github.com/airbusgeo/geocube/internal/geocube/job.go:249.23,250.21 1 0
github.com/airbusgeo/geocube/internal/geocube/job.go:259.39,260.21 1 0
github.com/airbusgeo/geocube/internal/geocube/job.go:275.33,276.21 1 0
github.com/airbusgeo/geocube/internal/geocube/job.go:285.36,286.21 1 0
github.com/airbusgeo/geocube/internal/geocube/job.go:295.38,296.21 1 0
github.com/airbusgeo/geocube/internal/geocube/job.go:305.20,306.15 1 0
github.com/airbusgeo/geocube/internal/geocube/job.go:308.29,309.21 1 0
github.com/airbusgeo/geocube/internal/geocube/job.go:318.39,319.21 1 0
github.com/airbusgeo/geocube/internal/geocube/job.go:327.34,328.21 1 0
github.com/airbusgeo/geocube/internal/geocube/job.go:332.36,333.21 1 0
github.com/airbusgeo/geocube/internal/geocube/job.go:339.35,340.21 1 0
github.com/airbusgeo/geocube/internal/geocube/job.go:346.23,347.21 1 0
github.com/airbusgeo/geocube/internal/geocube/job.go:354.37,355.21 1 0
github.com/airbusgeo/geocube/internal/geocube/job.go:361.22,362.15 1 0
github.com/airbusgeo/geocube/internal/geocube/job.go:363.10,364.34 1 0
github.com/airbusgeo/geocube/internal/geocube/job.go:242.20,243.15 1 0
github.com/airbusgeo/geocube/internal/geocube/job.go:244.24,245.41 1 0
github.com/airbusgeo/geocube/internal/geocube/job.go:246.19,247.41 1 0
github.com/airbusgeo/geocube/internal/geocube/job.go:251.20,252.15 1 0
github.com/airbusgeo/geocube/internal/geocube/job.go:253.41,255.54 2 0
github.com/airbusgeo/geocube/internal/geocube/job.go:256.36,257.57 1 0
github.com/airbusgeo/geocube/internal/geocube/job.go:261.20,262.55 1 0
github.com/airbusgeo/geocube/internal/geocube/job.go:263.24,265.57 2 0
github.com/airbusgeo/geocube/internal/geocube/job.go:266.28,268.53 2 0
github.com/airbusgeo/geocube/internal/geocube/job.go:269.38,271.53 2 0
github.com/airbusgeo/geocube/internal/geocube/job.go:272.26,273.51 1 0
github.com/airbusgeo/geocube/internal/geocube/job.go:277.20,278.15 1 0
github.com/airbusgeo/geocube/internal/geocube/job.go:279.36,281.53 2 0
github.com/airbusgeo/geocube/internal/geocube/job.go:282.29,283.54 1 0
github.com/airbusgeo/geocube/internal/geocube/job.go:287.20,288.15 1 0
github.com/airbusgeo/geocube/internal/geocube/job.go:289.27,291.53 2 0
github.com/airbusgeo/geocube/internal/geocube/job.go:292.24,293.56 1 0
github.com/airbusgeo/geocube/internal/geocube/job.go:297.20,298.15 1 0
github.com/airbusgeo/geocube/internal/geocube/job.go:299.23,301.47 2 0
github.com/airbusgeo/geocube/internal/geocube/job.go:302.21,303.38 1 0
github.com/airbusgeo/geocube/internal/geocube/job.go:310.20,311.56 1 0
github.com/airbusgeo/geocube/internal/geocube/job.go:312.23,314.47 2 0
github.com/airbusgeo/geocube/internal/geocube/job.go:315.21,316.38 1 0
github.com/airbusgeo/geocube/internal/geocube/job.go:320.20,321.15 1 0
github.com/airbusgeo/geocube/internal/geocube/job.go:322.27,323.52 1 0
github.com/airbusgeo/geocube/internal/geocube/job.go:324.25,325.41 1 0
github.com/airbusgeo/geocube/internal/geocube/job.go:329.20,330.57 1 0
github.com/airbusgeo/geocube/internal/geocube/job.go:334.20,335.41 1 0
github.com/airbusgeo/geocube/internal/geocube/job.go:336.24,337.41 1 0
github.com/airbusgeo/geocube/internal/geocube/job.go:341.42,342.55 1 0
github.com/airbusgeo/geocube/internal/geocube/job.go:343.24,344.41 1 0
github.com/airbusgeo/geocube/internal/geocube/job.go:348.20,349.15 1 0
github.com/airbusgeo/geocube/internal/geocube/job.go:350.21,351.40 1 0
github.com/airbusgeo/geocube/internal/geocube/job.go:356.33,357.40 1 0
github.com/airbusgeo/geocube/internal/geocube/job.go:358.36,359.57 1 0
github.com/airbusgeo/geocube/internal/geocube/job.go:370.50,371.40 1 0
github.com/airbusgeo/geocube/internal/geocube/job.go:374.51,375.41 1 0
github.com/airbusgeo/geocube/internal/geocube/job.go:378.51,382.2 3 0
github.com/airbusgeo/geocube/internal/geocube/job.go:389.69,391.16 2 0
github.com/airbusgeo/geocube/internal/geocube/job.go:396.2,396.12 1 0
github.com/airbusgeo/geocube/internal/geocube/job.go:391.16,395.3 3 0
github.com/airbusgeo/geocube/internal/geocube/job.go:399.55,400.16 1 0
github.com/airbusgeo/geocube/internal/geocube/job.go:408.2,408.45 1 0
github.com/airbusgeo/geocube/internal/geocube/job.go:401.18,402.25 1 0
github.com/airbusgeo/geocube/internal/geocube/job.go:403.34,404.28 1 0
github.com/airbusgeo/geocube/internal/geocube/job.go:405.22,406.23 1 0
github.com/airbusgeo/geocube/internal/geocube/job.go:413.47,416.17 2 0
github.com/airbusgeo/geocube/internal/geocube/job.go:421.2,422.28 2 0
github.com/airbusgeo/geocube/internal/geocube/job.go:427.2,427.94 1 0
github.com/airbusgeo/geocube/internal/geocube/job.go:431.2,431.20 1 0
github.com/airbusgeo/geocube/internal/geocube/job.go:443.2,445.33 2 0
github.com/airbusgeo/geocube/internal/geocube/job.go:449.2,449.12 1 0
github.com/airbusgeo/geocube/internal/geocube/job.go:416.17,418.3 1 0
github.com/airbusgeo/geocube/internal/geocube/job.go:422.28,424.3 1 0
github.com/airbusgeo/geocube/internal/geocube/job.go:427.94,429.3 1 0
github.com/airbusgeo/geocube/internal/geocube/job.go:432.21,434.94 1 0
github.com/airbusgeo/geocube/internal/geocube/job.go:435.43,436.32 1 0
github.com/airbusgeo/geocube/internal/geocube/job.go:436.32,438.4 1 0
github.com/airbusgeo/geocube/internal/geocube/job.go:445.33,447.3 1 0
github.com/airbusgeo/geocube/internal/geocube/job.go:453.31,454.28 1 0
github.com/airbusgeo/geocube/internal/geocube/job.go:454.28,456.3 1 0
github.com/airbusgeo/geocube/internal/geocube/job.go:460.37,462.2 1 0
github.com/airbusgeo/geocube/internal/geocube/job.go:465.37,467.41 2 0
github.com/airbusgeo/geocube/internal/geocube/job.go:470.2,470.17 1 0
github.com/airbusgeo/geocube/internal/geocube/job.go:467.41,469.3 1 0
github.com/airbusgeo/geocube/internal/geocube/job.go:474.32,475.25 1 0
github.com/airbusgeo/geocube/internal/geocube/job.go:475.25,477.3 1 0
github.com/airbusgeo/geocube/internal/geocube/job.go:480.60,481.15 1 0
github.com/airbusgeo/geocube/internal/geocube/job.go:489.2,489.23 1 0
github.com/airbusgeo/geocube/internal/geocube/job.go:493.2,493.23 1 0
github.com/airbusgeo/geocube/internal/geocube/job.go:482.24,484.12 2 0
github.com/airbusgeo/geocube/internal/geocube/job.go:485.23,487.12 2 0
github.com/airbusgeo/geocube/internal/geocube/job.go:489.23,491.50 2 0
github.com/airbusgeo/geocube/internal/geocube/job.go:493.23,495.50 2 0
github.com/airbusgeo/geocube/internal/geocube/job.go:499.65,501.29 2 0
github.com/airbusgeo/geocube/internal/geocube/job.go:506.2,506.14 1 0
github.com/airbusgeo/geocube/internal/geocube/job.go:501.29,505.3 3 0
github.com/airbusgeo/geocube/internal/geocube/job.go:510.41,511.28 1 0
github.com/airbusgeo/geocube/internal/geocube/job.go:516.2,516.12 1 0
github.com/airbusgeo/geocube/internal/geocube/job.go:511.28,512.21 1 0
github.com/airbusgeo/geocube/internal/geocube/job.go:512.21,514.4 1 0
github.com/airbusgeo/geocube/internal/geocube/job.go:525.52,528.2 2 0
github.com/airbusgeo/geocube/internal/geocube/job.go:532.53,534.9 2 0
github.com/airbusgeo/geocube/internal/geocube/job.go:538.2,538.31 1 0
github.com/airbusgeo/geocube/internal/geocube/job.go:534.9,536.3 1 0
github.com/airbusgeo/geocube/internal/geocube/job.go:546.64,547.49 1 0
github.com/airbusgeo/geocube/internal/geocube/job.go:550.2,551.49 2 0
github.com/airbusgeo/geocube/internal/geocube/job.go:554.2,554.39 1 0
github.com/airbusgeo/geocube/internal/geocube/job.go:547.49,549.3 1 0
github.com/airbusgeo/geocube/internal/geocube/job.go:551.49,553.3 1 0
github.com/airbusgeo/geocube/internal/geocube/job.go:554.39,556.3 1 0
github.com/airbusgeo/geocube/internal/geocube/job.go:560.46,561.25 1 0
github.com/airbusgeo/geocube/internal/geocube/job.go:561.25,562.35 1 0
github.com/airbusgeo/geocube/internal/geocube/job.go:562.35,564.4 1 0
github.com/airbusgeo/geocube/internal/geocube/job.go:565.8,567.3 1 0
github.com/airbusgeo/geocube/internal/geocube/job.go:571.34,574.2 2 0
github.com/airbusgeo/geocube/internal/geocube/job.go:577.43,579.2 1 0
github.com/airbusgeo/geocube/internal/geocube/layout.go:30.61,41.37 2 0
github.com/airbusgeo/geocube/internal/geocube/layout.go:46.2,46.39 1 0
github.com/airbusgeo/geocube/internal/geocube/layout.go:50.2,50.16 1 0
github.com/airbusgeo/geocube/internal/geocube/layout.go:41.37,43.3 1 0
github.com/airbusgeo/geocube/internal/geocube/layout.go:46.39,48.3 1 0
github.com/airbusgeo/geocube/internal/geocube/layout.go:54.42,64.2 1 0
github.com/airbusgeo/geocube/internal/geocube/layout.go:67.100,69.16 2 0
github.com/airbusgeo/geocube/internal/geocube/layout.go:72.2,73.16 2 0
github.com/airbusgeo/geocube/internal/geocube/layout.go:76.2,77.12 2 0
github.com/airbusgeo/geocube/internal/geocube/layout.go:93.2,93.19 1 0
github.com/airbusgeo/geocube/internal/geocube/layout.go:69.16,71.3 1 0
github.com/airbusgeo/geocube/internal/geocube/layout.go:73.16,75.3 1 0
github.com/airbusgeo/geocube/internal/geocube/layout.go:77.12,78.33 1 0
github.com/airbusgeo/geocube/internal/geocube/layout.go:91.3,91.15 1 0
github.com/airbusgeo/geocube/internal/geocube/layout.go:78.33,80.18 2 0
github.com/airbusgeo/geocube/internal/geocube/layout.go:83.4,83.11 1 0
github.com/airbusgeo/geocube/internal/geocube/layout.go:89.4,89.9 1 0
github.com/airbusgeo/geocube/internal/geocube/layout.go:80.18,81.10 1 0
github.com/airbusgeo/geocube/internal/geocube/layout.go:84.22,85.67 1 0
github.com/airbusgeo/geocube/internal/geocube/layout.go:86.23,87.13 1 0
github.com/airbusgeo/geocube/internal/geocube/layout.go:97.35,98.44 1 0
github.com/airbusgeo/geocube/internal/geocube/layout.go:101.2,101.44 1 0
github.com/airbusgeo/geocube/internal/geocube/layout.go:104.2,104.23 1 0
github.com/airbusgeo/geocube/internal/geocube/layout.go:107.2,107.12 1 0
github.com/airbusgeo/geocube/internal/geocube/layout.go:98.44,100.3 1 0
github.com/airbusgeo/geocube/internal/geocube/layout.go:101.44,103.3 1 0
github.com/airbusgeo/geocube/internal/geocube/layout.go:104.23,106.3 1 0
github.com/airbusgeo/geocube/internal/geocube/layout.go:111.37,112.19 1 0
github.com/airbusgeo/geocube/internal/geocube/layout.go:119.2,119.12 1 0
github.com/airbusgeo/geocube/internal/geocube/layout.go:112.19,115.17 3 0
github.com/airbusgeo/geocube/internal/geocube/layout.go:115.17,117.4 1 0
github.com/airbusgeo/geocube/internal/geocube/metadata.go:15.48,16.27 1 0
github.com/airbusgeo/geocube/internal/geocube/metadata.go:34.2,34.57 1 0
github.com/airbusgeo/geocube/internal/geocube/metadata.go:17.21,19.35 2 0
github.com/airbusgeo/geocube/internal/geocube/metadata.go:22.3,22.13 1 0
github.com/airbusgeo/geocube/internal/geocube/metadata.go:23.15,25.37 2 0
github.com/airbusgeo/geocube/internal/geocube/metadata.go:28.3,28.19 1 0
github.com/airbusgeo/geocube/internal/geocube/metadata.go:29.11,31.13 2 0
github.com/airbusgeo/geocube/internal/geocube/metadata.go:19.35,21.4 1 0
github.com/airbusgeo/geocube/internal/geocube/metadata.go:25.37,27.4 1 0
github.com/airbusgeo/geocube/internal/geocube/metadata.go:38.49,39.14 1 0
github.com/airbusgeo/geocube/internal/geocube/metadata.go:43.2,44.28 2 0
github.com/airbusgeo/geocube/internal/geocube/metadata.go:47.2,48.14 2 0
github.com/airbusgeo/geocube/internal/geocube/metadata.go:51.2,51.32 1 0
github.com/airbusgeo/geocube/internal/geocube/metadata.go:39.14,41.3 1 0
github.com/airbusgeo/geocube/internal/geocube/metadata.go:44.28,46.3 1 0
github.com/airbusgeo/geocube/internal/geocube/metadata.go:48.14,50.3 1 0
github.com/airbusgeo/geocube/internal/geocube/palette.go:26.57,28.33 2 0
github.com/airbusgeo/geocube/internal/geocube/palette.go:31.2,31.43 1 0
github.com/airbusgeo/geocube/internal/geocube/palette.go:33.2,33.24 1 0
github.com/airbusgeo/geocube/internal/geocube/palette.go:28.33,30.3 1 0
github.com/airbusgeo/geocube/internal/geocube/palette.go:31.43,31.87 1 0
github.com/airbusgeo/geocube/internal/geocube/palette.go:37.48,39.31 2 0
github.com/airbusgeo/geocube/internal/geocube/palette.go:51.2,51.30 1 0
github.com/airbusgeo/geocube/internal/geocube/palette.go:39.31,41.38 2 0
github.com/airbusgeo/geocube/internal/geocube/palette.go:43.3,49.4 2 0
github.com/airbusgeo/geocube/internal/geocube/palette.go:41.39,42.4 0 0
github.com/airbusgeo/geocube/internal/geocube/palette.go:55.35,56.25 1 1
github.com/airbusgeo/geocube/internal/geocube/palette.go:59.2,59.23 1 1
github.com/airbusgeo/geocube/internal/geocube/palette.go:62.2,62.64 1 1
github.com/airbusgeo/geocube/internal/geocube/palette.go:65.2,65.37 1 1
github.com/airbusgeo/geocube/internal/geocube/palette.go:70.2,70.12 1 1
github.com/airbusgeo/geocube/internal/geocube/palette.go:56.25,58.3 1 1
github.com/airbusgeo/geocube/internal/geocube/palette.go:59.23,61.3 1 1
github.com/airbusgeo/geocube/internal/geocube/palette.go:62.64,64.3 1 1
github.com/airbusgeo/geocube/internal/geocube/palette.go:65.37,66.43 1 1
github.com/airbusgeo/geocube/internal/geocube/palette.go:66.43,68.4 1 1
github.com/airbusgeo/geocube/internal/geocube/palette.go:74.52,76.27 2 0
github.com/airbusgeo/geocube/internal/geocube/palette.go:84.2,85.69 2 0
github.com/airbusgeo/geocube/internal/geocube/palette.go:88.2,89.12 2 0
github.com/airbusgeo/geocube/internal/geocube/palette.go:77.14,78.18 1 0
github.com/airbusgeo/geocube/internal/geocube/palette.go:79.14,80.10 1 0
github.com/airbusgeo/geocube/internal/geocube/palette.go:81.10,82.64 1 0
github.com/airbusgeo/geocube/internal/geocube/palette.go:85.69,87.3 1 0
github.com/airbusgeo/geocube/internal/geocube/palette.go:93.53,96.2 2 0
github.com/airbusgeo/geocube/internal/geocube/record.go:34.48,35.20 1 0
github.com/airbusgeo/geocube/internal/geocube/record.go:45.2,45.22 1 0
github.com/airbusgeo/geocube/internal/geocube/record.go:35.20,38.17 3 0
github.com/airbusgeo/geocube/internal/geocube/record.go:41.3,42.44 2 0
github.com/airbusgeo/geocube/internal/geocube/record.go:38.17,40.4 1 0
github.com/airbusgeo/geocube/internal/geocube/record.go:50.67,51.54 1 0
github.com/airbusgeo/geocube/internal/geocube/record.go:54.2,62.37 2 0
github.com/airbusgeo/geocube/internal/geocube/record.go:65.2,65.16 1 0
github.com/airbusgeo/geocube/internal/geocube/record.go:51.54,53.3 1 0
github.com/airbusgeo/geocube/internal/geocube/record.go:62.37,64.3 1 0
github.com/airbusgeo/geocube/internal/geocube/record.go:70.80,72.35 2 0
github.com/airbusgeo/geocube/internal/geocube/record.go:86.2,93.39 3 0
github.com/airbusgeo/geocube/internal/geocube/record.go:72.35,74.55 2 0
github.com/airbusgeo/geocube/internal/geocube/record.go:82.3,82.25 1 0
github.com/airbusgeo/geocube/internal/geocube/record.go:74.55,76.49 2 0
github.com/airbusgeo/geocube/internal/geocube/record.go:80.4,80.55 1 0
github.com/airbusgeo/geocube/internal/geocube/record.go:76.49,79.5 2 0
github.com/airbusgeo/geocube/internal/geocube/record.go:82.25,84.4 1 0
github.com/airbusgeo/geocube/internal/geocube/record.go:97.54,105.13 2 0
github.com/airbusgeo/geocube/internal/geocube/record.go:108.2,108.15 1 0
github.com/airbusgeo/geocube/internal/geocube/record.go:105.13,107.3 1 0
github.com/airbusgeo/geocube/internal/geocube/record.go:112.38,115.33 3 0
github.com/airbusgeo/geocube/internal/geocube/record.go:126.2,126.15 1 0
github.com/airbusgeo/geocube/internal/geocube/record.go:115.33,117.38 2 0
github.com/airbusgeo/geocube/internal/geocube/record.go:124.3,124.34 1 0
github.com/airbusgeo/geocube/internal/geocube/record.go:117.38,119.37 2 0
github.com/airbusgeo/geocube/internal/geocube/record.go:122.4,122.45 1 0
github.com/airbusgeo/geocube/internal/geocube/record.go:119.37,121.5 1 0
github.com/airbusgeo/geocube/internal/geocube/record.go:130.35,131.44 1 0
[...]
github.com/airbusgeo/geocube/internal/svc/persister.go:189.2,189.25 1 0
github.com/airbusgeo/geocube/internal/svc/persister.go:195.2,195.28 1 0
github.com/airbusgeo/geocube/internal/svc/persister.go:205.2,205.52 1 0
github.com/airbusgeo/geocube/internal/svc/persister.go:213.2,213.28 1 0
github.com/airbusgeo/geocube/internal/svc/persister.go:219.2,219.12 1 0
github.com/airbusgeo/geocube/internal/svc/persister.go:158.16,159.72 1 0
github.com/airbusgeo/geocube/internal/svc/persister.go:159.72,159.121 1 0
github.com/airbusgeo/geocube/internal/svc/persister.go:163.45,164.27 1 0
github.com/airbusgeo/geocube/internal/svc/persister.go:164.27,166.4 1 0
github.com/airbusgeo/geocube/internal/svc/persister.go:166.9,166.29 1 0
github.com/airbusgeo/geocube/internal/svc/persister.go:166.29,168.4 1 0
github.com/airbusgeo/geocube/internal/svc/persister.go:171.23,172.61 1 0
github.com/airbusgeo/geocube/internal/svc/persister.go:172.61,174.4 1 0
github.com/airbusgeo/geocube/internal/svc/persister.go:177.33,178.69 1 0
github.com/airbusgeo/geocube/internal/svc/persister.go:178.69,180.4 1 0
github.com/airbusgeo/geocube/internal/svc/persister.go:183.26,184.62 1 0
github.com/airbusgeo/geocube/internal/svc/persister.go:184.62,186.4 1 0
github.com/airbusgeo/geocube/internal/svc/persister.go:189.25,190.61 1 0
github.com/airbusgeo/geocube/internal/svc/persister.go:190.61,192.4 1 0
github.com/airbusgeo/geocube/internal/svc/persister.go:195.28,196.24 1 0
github.com/airbusgeo/geocube/internal/svc/persister.go:199.3,199.65 1 0
github.com/airbusgeo/geocube/internal/svc/persister.go:196.24,198.4 1 0
github.com/airbusgeo/geocube/internal/svc/persister.go:199.65,201.4 1 0
github.com/airbusgeo/geocube/internal/svc/persister.go:205.52,207.21 2 0
github.com/airbusgeo/geocube/internal/svc/persister.go:207.21,211.4 3 0
github.com/airbusgeo/geocube/internal/svc/persister.go:213.28,215.3 1 0
github.com/airbusgeo/geocube/internal/svc/persister.go:215.8,217.3 1 0
github.com/airbusgeo/geocube/internal/svc/persister.go:225.120,226.16 1 0
github.com/airbusgeo/geocube/internal/svc/persister.go:229.2,230.46 2 0
github.com/airbusgeo/geocube/internal/svc/persister.go:261.2,261.24 1 0
github.com/airbusgeo/geocube/internal/svc/persister.go:267.2,267.22 1 0
github.com/airbusgeo/geocube/internal/svc/persister.go:273.2,273.84 1 0
github.com/airbusgeo/geocube/internal/svc/persister.go:279.2,279.45 1 0
github.com/airbusgeo/geocube/internal/svc/persister.go:285.2,285.45 1 0
github.com/airbusgeo/geocube/internal/svc/persister.go:292.2,292.45 1 0
github.com/airbusgeo/geocube/internal/svc/persister.go:296.2,296.47 1 0
github.com/airbusgeo/geocube/internal/svc/persister.go:301.2,301.27 1 0
github.com/airbusgeo/geocube/internal/svc/persister.go:307.2,307.12 1 0
github.com/airbusgeo/geocube/internal/svc/persister.go:226.16,227.72 1 0
github.com/airbusgeo/geocube/internal/svc/persister.go:227.72,227.119 1 0
github.com/airbusgeo/geocube/internal/svc/persister.go:230.46,231.28 1 0
github.com/airbusgeo/geocube/internal/svc/persister.go:231.28,233.4 1 0
github.com/airbusgeo/geocube/internal/svc/persister.go:233.9,233.32 1 0
github.com/airbusgeo/geocube/internal/svc/persister.go:233.32,235.4 1 0
github.com/airbusgeo/geocube/internal/svc/persister.go:235.9,235.30 1 0
github.com/airbusgeo/geocube/internal/svc/persister.go:235.30,237.4 1 0
github.com/airbusgeo/geocube/internal/svc/persister.go:241.2,242.46 1 0
github.com/airbusgeo/geocube/internal/svc/persister.go:248.3,248.48 1 0
github.com/airbusgeo/geocube/internal/svc/persister.go:254.3,254.28 1 0
github.com/airbusgeo/geocube/internal/svc/persister.go:242.46,243.63 1 0
github.com/airbusgeo/geocube/internal/svc/persister.go:243.63,245.5 1 0
github.com/airbusgeo/geocube/internal/svc/persister.go:248.48,249.74 1 0
github.com/airbusgeo/geocube/internal/svc/persister.go:249.74,251.5 1 0
github.com/airbusgeo/geocube/internal/svc/persister.go:254.28,255.63 1 0
github.com/airbusgeo/geocube/internal/svc/persister.go:255.63,257.5 1 0
github.com/airbusgeo/geocube/internal/svc/persister.go:261.24,262.59 1 0
github.com/airbusgeo/geocube/internal/svc/persister.go:262.59,264.4 1 0
github.com/airbusgeo/geocube/internal/svc/persister.go:267.22,268.59 1 0
github.com/airbusgeo/geocube/internal/svc/persister.go:268.59,270.4 1 0
github.com/airbusgeo/geocube/internal/svc/persister.go:273.84,274.103 1 0
github.com/airbusgeo/geocube/internal/svc/persister.go:274.103,276.4 1 0
github.com/airbusgeo/geocube/internal/svc/persister.go:279.45,280.59 1 0
github.com/airbusgeo/geocube/internal/svc/persister.go:280.59,282.4 1 0
github.com/airbusgeo/geocube/internal/svc/persister.go:285.45,286.72 1 0
github.com/airbusgeo/geocube/internal/svc/persister.go:286.72,288.4 1 0
github.com/airbusgeo/geocube/internal/svc/persister.go:292.45,295.3 2 0
github.com/airbusgeo/geocube/internal/svc/persister.go:296.47,299.3 2 0
github.com/airbusgeo/geocube/internal/svc/persister.go:301.27,303.3 1 0
github.com/airbusgeo/geocube/internal/svc/persister.go:303.8,305.3 1 0
github.com/airbusgeo/geocube/internal/svc/persister.go:313.153,316.16 2 0
github.com/airbusgeo/geocube/internal/svc/persister.go:326.2,326.35 1 0
github.com/airbusgeo/geocube/internal/svc/persister.go:332.2,332.12 1 0
github.com/airbusgeo/geocube/internal/svc/persister.go:316.16,317.52 1 0
github.com/airbusgeo/geocube/internal/svc/persister.go:317.52,319.4 1 0
github.com/airbusgeo/geocube/internal/svc/persister.go:320.8,323.3 2 0
github.com/airbusgeo/geocube/internal/svc/persister.go:326.35,327.54 1 0
github.com/airbusgeo/geocube/internal/svc/persister.go:327.54,329.4 1 0
github.com/airbusgeo/geocube/internal/svc/persister.go:338.119,339.28 1 0
github.com/airbusgeo/geocube/internal/svc/persister.go:344.2,345.44 2 0
github.com/airbusgeo/geocube/internal/svc/persister.go:372.2,372.20 1 0
github.com/airbusgeo/geocube/internal/svc/persister.go:339.28,341.3 1 0
github.com/airbusgeo/geocube/internal/svc/persister.go:345.44,346.75 1 0
github.com/airbusgeo/geocube/internal/svc/persister.go:346.75,351.45 3 0
github.com/airbusgeo/geocube/internal/svc/persister.go:356.4,356.15 1 0
github.com/airbusgeo/geocube/internal/svc/persister.go:367.4,367.49 1 0
github.com/airbusgeo/geocube/internal/svc/persister.go:351.45,353.5 1 0
github.com/airbusgeo/geocube/internal/svc/persister.go:356.15,358.19 2 0
github.com/airbusgeo/geocube/internal/svc/persister.go:361.5,361.52 1 0
github.com/airbusgeo/geocube/internal/svc/persister.go:358.19,360.6 1 0
github.com/airbusgeo/geocube/internal/svc/persister.go:361.52,363.6 1 0
github.com/airbusgeo/geocube/internal/svc/persister.go:368.18,370.4 1 0
github.com/airbusgeo/geocube/internal/svc/service.go:36.236,39.25 2 1
github.com/airbusgeo/geocube/internal/svc/service.go:42.2,42.242 1 1
github.com/airbusgeo/geocube/internal/svc/service.go:39.25,41.3 1 0
github.com/airbusgeo/geocube/internal/svc/service.go:46.76,47.71 1 0
github.com/airbusgeo/geocube/internal/svc/service.go:47.71,49.3 1 0
github.com/airbusgeo/geocube/internal/svc/service.go:53.85,55.2 1 0
github.com/airbusgeo/geocube/internal/svc/service.go:58.89,59.71 1 0
github.com/airbusgeo/geocube/internal/svc/service.go:59.71,61.3 1 0
github.com/airbusgeo/geocube/internal/svc/service.go:65.85,67.77 2 0
github.com/airbusgeo/geocube/internal/svc/service.go:71.2,71.16 1 0
github.com/airbusgeo/geocube/internal/svc/service.go:67.77,70.3 2 0
github.com/airbusgeo/geocube/internal/svc/service.go:75.194,77.2 1 0
github.com/airbusgeo/geocube/internal/svc/service.go:80.109,82.77 2 0
github.com/airbusgeo/geocube/internal/svc/service.go:87.2,87.16 1 0
github.com/airbusgeo/geocube/internal/svc/service.go:82.77,85.3 2 0
github.com/airbusgeo/geocube/internal/svc/service.go:91.107,93.77 2 0
github.com/airbusgeo/geocube/internal/svc/service.go:98.2,98.16 1 0
github.com/airbusgeo/geocube/internal/svc/service.go:93.77,96.3 2 0
github.com/airbusgeo/geocube/internal/svc/service.go:102.91,103.23 1 0
github.com/airbusgeo/geocube/internal/svc/service.go:106.2,106.45 1 0
github.com/airbusgeo/geocube/internal/svc/service.go:103.23,105.3 1 0
github.com/airbusgeo/geocube/internal/svc/service.go:110.156,111.71 1 0
github.com/airbusgeo/geocube/internal/svc/service.go:111.71,113.17 2 0
github.com/airbusgeo/geocube/internal/svc/service.go:116.3,117.86 2 0
github.com/airbusgeo/geocube/internal/svc/service.go:120.3,120.46 1 0
github.com/airbusgeo/geocube/internal/svc/service.go:113.17,115.4 1 0
github.com/airbusgeo/geocube/internal/svc/service.go:117.86,119.4 1 0
github.com/airbusgeo/geocube/internal/svc/service.go:126.126,130.22 3 0
github.com/airbusgeo/geocube/internal/svc/service.go:139.2,139.16 1 0
github.com/airbusgeo/geocube/internal/svc/service.go:143.2,144.15 2 0
github.com/airbusgeo/geocube/internal/svc/service.go:130.22,132.3 1 0
github.com/airbusgeo/geocube/internal/svc/service.go:132.8,132.29 1 0
github.com/airbusgeo/geocube/internal/svc/service.go:132.29,134.3 1 0
github.com/airbusgeo/geocube/internal/svc/service.go:134.8,134.31 1 0
github.com/airbusgeo/geocube/internal/svc/service.go:134.31,136.3 1 0
github.com/airbusgeo/geocube/internal/svc/service.go:136.8,138.3 1 0
github.com/airbusgeo/geocube/internal/svc/service.go:139.16,141.3 1 0
github.com/airbusgeo/geocube/internal/svc/service.go:148.123,149.71 1 0
github.com/airbusgeo/geocube/internal/svc/service.go:149.71,151.17 2 0
github.com/airbusgeo/geocube/internal/svc/service.go:154.3,155.56 2 0
github.com/airbusgeo/geocube/internal/svc/service.go:158.3,158.46 1 0
github.com/airbusgeo/geocube/internal/svc/service.go:151.17,153.4 1 0
github.com/airbusgeo/geocube/internal/svc/service.go:155.56,157.4 1 0
github.com/airbusgeo/geocube/internal/svc/service.go:163.119,165.2 1 0
github.com/airbusgeo/geocube/internal/svc/service.go:168.74,169.71 1 0
github.com/airbusgeo/geocube/internal/svc/service.go:169.71,171.17 2 0
github.com/airbusgeo/geocube/internal/svc/service.go:174.3,175.46 2 0
github.com/airbusgeo/geocube/internal/svc/service.go:171.17,173.4 1 0
github.com/airbusgeo/geocube/internal/svc/service.go:180.145,181.71 1 0
github.com/airbusgeo/geocube/internal/svc/service.go:181.71,183.17 2 0
github.com/airbusgeo/geocube/internal/svc/service.go:186.3,187.88 2 0
github.com/airbusgeo/geocube/internal/svc/service.go:190.3,190.46 1 0
github.com/airbusgeo/geocube/internal/svc/service.go:183.17,185.4 1 0
github.com/airbusgeo/geocube/internal/svc/service.go:187.88,189.4 1 0
github.com/airbusgeo/geocube/internal/svc/service.go:195.74,196.71 1 0
github.com/airbusgeo/geocube/internal/svc/service.go:196.71,198.17 2 0
github.com/airbusgeo/geocube/internal/svc/service.go:201.3,202.46 2 0
github.com/airbusgeo/geocube/internal/svc/service.go:198.17,200.4 1 0
github.com/airbusgeo/geocube/internal/svc/service.go:207.110,208.71 1 0
github.com/airbusgeo/geocube/internal/svc/service.go:208.71,210.75 2 0
github.com/airbusgeo/geocube/internal/svc/service.go:213.3,213.13 1 0
github.com/airbusgeo/geocube/internal/svc/service.go:210.75,212.4 1 0
github.com/airbusgeo/geocube/internal/svc/service.go:218.102,220.16 2 0
github.com/airbusgeo/geocube/internal/svc/service.go:224.2,225.54 2 0
github.com/airbusgeo/geocube/internal/svc/service.go:239.2,239.61 1 0
github.com/airbusgeo/geocube/internal/svc/service.go:245.2,245.12 1 0
github.com/airbusgeo/geocube/internal/svc/service.go:220.16,222.3 1 0
github.com/airbusgeo/geocube/internal/svc/service.go:225.54,227.17 2 0
github.com/airbusgeo/geocube/internal/svc/service.go:232.3,233.17 2 0
github.com/airbusgeo/geocube/internal/svc/service.go:227.17,229.4 1 0
github.com/airbusgeo/geocube/internal/svc/service.go:233.17,235.4 1 0
github.com/airbusgeo/geocube/internal/svc/service.go:239.61,241.3 1 0
github.com/airbusgeo/geocube/internal/svc/service.go:241.8,241.51 1 0
github.com/airbusgeo/geocube/internal/svc/service.go:241.51,243.3 1 0
github.com/airbusgeo/geocube/internal/svc/service.go:249.102,251.16 2 0
github.com/airbusgeo/geocube/internal/svc/service.go:254.2,258.34 3 0
github.com/airbusgeo/geocube/internal/svc/service.go:265.2,266.16 2 0
github.com/airbusgeo/geocube/internal/svc/service.go:269.2,271.76 3 0
github.com/airbusgeo/geocube/internal/svc/service.go:276.2,278.34 3 0
github.com/airbusgeo/geocube/internal/svc/service.go:286.2,287.37 2 0
github.com/airbusgeo/geocube/internal/svc/service.go:290.2,290.95 1 0
github.com/airbusgeo/geocube/internal/svc/service.go:293.2,293.51 1 0
github.com/airbusgeo/geocube/internal/svc/service.go:298.2,299.34 2 0
github.com/airbusgeo/geocube/internal/svc/service.go:305.2,307.12 2 0
github.com/airbusgeo/geocube/internal/svc/service.go:251.16,253.3 1 0
github.com/airbusgeo/geocube/internal/svc/service.go:258.34,259.28 1 0
github.com/airbusgeo/geocube/internal/svc/service.go:259.28,261.4 1 0
github.com/airbusgeo/geocube/internal/svc/service.go:266.16,268.3 1 0
github.com/airbusgeo/geocube/internal/svc/service.go:271.76,273.3 1 0
github.com/airbusgeo/geocube/internal/svc/service.go:278.34,280.33 2 0
github.com/airbusgeo/geocube/internal/svc/service.go:280.33,282.4 1 0
github.com/airbusgeo/geocube/internal/svc/service.go:282.9,282.43 1 0
github.com/airbusgeo/geocube/internal/svc/service.go:282.43,284.4 1 0
github.com/airbusgeo/geocube/internal/svc/service.go:287.37,289.3 1 0
github.com/airbusgeo/geocube/internal/svc/service.go:290.95,292.3 1 0
github.com/airbusgeo/geocube/internal/svc/service.go:293.51,295.3 1 0
github.com/airbusgeo/geocube/internal/svc/service.go:299.34,300.44 1 0
github.com/airbusgeo/geocube/internal/svc/service.go:300.44,302.9 2 0
github.com/airbusgeo/geocube/internal/svc/service.go:312.132,316.70 2 0
github.com/airbusgeo/geocube/internal/svc/service.go:321.2,322.35 2 0
github.com/airbusgeo/geocube/internal/svc/service.go:339.2,339.71 1 0
github.com/airbusgeo/geocube/internal/svc/service.go:316.70,318.3 1 0
github.com/airbusgeo/geocube/internal/svc/service.go:322.35,325.10 2 0
github.com/airbusgeo/geocube/internal/svc/service.go:331.3,331.57 1 0
github.com/airbusgeo/geocube/internal/svc/service.go:335.3,335.71 1 0
github.com/airbusgeo/geocube/internal/svc/service.go:325.10,326.87 1 0
github.com/airbusgeo/geocube/internal/svc/service.go:329.4,329.37 1 0
github.com/airbusgeo/geocube/internal/svc/service.go:326.87,328.5 1 0
github.com/airbusgeo/geocube/internal/svc/service.go:331.57,333.4 1 0
github.com/airbusgeo/geocube/internal/svc/service.go:335.71,337.4 1 0
github.com/airbusgeo/geocube/internal/svc/service.go:339.71,340.81 1 0
github.com/airbusgeo/geocube/internal/svc/service.go:343.3,343.51 1 0
github.com/airbusgeo/geocube/internal/svc/service.go:340.81,342.4 1 0
github.com/airbusgeo/geocube/internal/svc/service.go:348.114,350.16 2 0
github.com/airbusgeo/geocube/internal/svc/service.go:353.2,354.20 2 0
github.com/airbusgeo/geocube/internal/svc/service.go:350.16,352.3 1 0
github.com/airbusgeo/geocube/internal/svc/service.go:358.123,359.71 1 0
github.com/airbusgeo/geocube/internal/svc/service.go:359.71,362.17 2 0
github.com/airbusgeo/geocube/internal/svc/service.go:365.3,368.65 2 0
github.com/airbusgeo/geocube/internal/svc/service.go:373.3,374.17 2 0
github.com/airbusgeo/geocube/internal/svc/service.go:377.3,377.13 1 0
github.com/airbusgeo/geocube/internal/svc/service.go:362.17,364.4 1 0
github.com/airbusgeo/geocube/internal/svc/service.go:368.65,370.4 1 0
github.com/airbusgeo/geocube/internal/svc/service.go:374.17,376.4 1 0
github.com/airbusgeo/geocube/internal/svc/service.go:382.139,387.16 3 0
github.com/airbusgeo/geocube/internal/svc/service.go:390.2,392.72 2 0
github.com/airbusgeo/geocube/internal/svc/service.go:387.16,389.3 1 0
github.com/airbusgeo/geocube/internal/svc/service.go:396.171,401.16 3 0
github.com/airbusgeo/geocube/internal/svc/service.go:404.2,406.72 2 0
github.com/airbusgeo/geocube/internal/svc/service.go:401.16,403.3 1 0
github.com/airbusgeo/geocube/internal/svc/service.go:409.128,410.26 1 0
github.com/airbusgeo/geocube/internal/svc/service.go:414.2,416.71 2 0
github.com/airbusgeo/geocube/internal/svc/service.go:447.2,447.16 1 0
github.com/airbusgeo/geocube/internal/svc/service.go:451.2,451.20 1 0
github.com/airbusgeo/geocube/internal/svc/service.go:410.26,412.3 1 0
github.com/airbusgeo/geocube/internal/svc/service.go:416.71,419.3 2 0
github.com/airbusgeo/geocube/internal/svc/service.go:430.3,434.52 3 0
github.com/airbusgeo/geocube/internal/svc/service.go:437.3,441.59 3 0
github.com/airbusgeo/geocube/internal/svc/service.go:444.3,444.13 1 0
github.com/airbusgeo/geocube/internal/svc/service.go:419.3,421.18 2 0
github.com/airbusgeo/geocube/internal/svc/service.go:424.4,425.18 2 0
github.com/airbusgeo/geocube/internal/svc/service.go:421.18,423.5 1 0
github.com/airbusgeo/geocube/internal/svc/service.go:425.18,427.5 1 0
github.com/airbusgeo/geocube/internal/svc/service.go:434.52,436.4 1 0
github.com/airbusgeo/geocube/internal/svc/service.go:441.59,443.4 1 0
github.com/airbusgeo/geocube/internal/svc/service.go:447.16,449.3 1 0
github.com/airbusgeo/geocube/internal/svc/service.go:455.85,456.71 1 0
github.com/airbusgeo/geocube/internal/svc/service.go:456.71,458.3 1 0
github.com/airbusgeo/geocube/internal/svc/service.go:462.98,464.2 1 0
github.com/airbusgeo/geocube/internal/svc/service.go:467.149,484.2 2 0
github.com/airbusgeo/geocube/internal/svc/service.go:488.92,490.16 2 0
github.com/airbusgeo/geocube/internal/svc/service.go:494.2,494.22 1 0
github.com/airbusgeo/geocube/internal/svc/service.go:497.2,497.18 1 0
github.com/airbusgeo/geocube/internal/svc/service.go:490.16,492.3 1 0
github.com/airbusgeo/geocube/internal/svc/service.go:494.22,496.3 1 0
github.com/airbusgeo/geocube/internal/svc/service.go:502.85,504.16 2 1
github.com/airbusgeo/geocube/internal/svc/service.go:508.2,509.17 2 1
github.com/airbusgeo/geocube/internal/svc/service.go:504.16,506.3 1 0
github.com/airbusgeo/geocube/internal/svc/service.go:513.91,514.19 1 0
github.com/airbusgeo/geocube/internal/svc/service.go:517.2,517.93 1 0
github.com/airbusgeo/geocube/internal/svc/service.go:514.19,516.3 1 0
github.com/airbusgeo/geocube/internal/svc/service.go:521.72,523.2 1 1
github.com/airbusgeo/geocube/internal/svc/service.go:526.107,531.18 3 0
github.com/airbusgeo/geocube/internal/svc/service.go:534.2,535.16 2 0
github.com/airbusgeo/geocube/internal/svc/service.go:539.2,539.31 1 0
github.com/airbusgeo/geocube/internal/svc/service.go:575.2,575.16 1 0
github.com/airbusgeo/geocube/internal/svc/service.go:578.2,578.19 1 0
github.com/airbusgeo/geocube/internal/svc/service.go:531.18,533.3 1 0
github.com/airbusgeo/geocube/internal/svc/service.go:535.16,537.3 1 0
github.com/airbusgeo/geocube/internal/svc/service.go:539.31,540.72 1 0
github.com/airbusgeo/geocube/internal/svc/service.go:567.3,567.17 1 0
github.com/airbusgeo/geocube/internal/svc/service.go:540.72,543.18 2 0
github.com/airbusgeo/geocube/internal/svc/service.go:547.4,548.18 2 0
github.com/airbusgeo/geocube/internal/svc/service.go:551.4,554.38 2 0
github.com/airbusgeo/geocube/internal/svc/service.go:561.4,562.18 2 0
github.com/airbusgeo/geocube/internal/svc/service.go:565.4,565.14 1 0
github.com/airbusgeo/geocube/internal/svc/service.go:543.18,545.5 1 0
github.com/airbusgeo/geocube/internal/svc/service.go:548.18,550.5 1 0
github.com/airbusgeo/geocube/internal/svc/service.go:554.38,558.5 2 0
github.com/airbusgeo/geocube/internal/svc/service.go:562.18,564.5 1 0
github.com/airbusgeo/geocube/internal/svc/service.go:567.17,570.4 1 0
github.com/airbusgeo/geocube/internal/svc/service.go:570.9,572.4 1 0
github.com/airbusgeo/geocube/internal/svc/service.go:575.16,577.3 1 0
github.com/airbusgeo/geocube/internal/svc/service.go:581.110,584.16 2 1
github.com/airbusgeo/geocube/internal/svc/service.go:589.2,589.15 1 1
github.com/airbusgeo/geocube/internal/svc/service.go:596.2,596.30 1 1
github.com/airbusgeo/geocube/internal/svc/service.go:601.2,601.21 1 1
github.com/airbusgeo/geocube/internal/svc/service.go:584.16,586.3 1 0
github.com/airbusgeo/geocube/internal/svc/service.go:589.15,590.38 1 1
github.com/airbusgeo/geocube/internal/svc/service.go:590.38,592.4 1 1
github.com/airbusgeo/geocube/internal/svc/service.go:596.30,598.3 1 0
